FTP: Use MLST/MLSD command to list files
FTP: MLSD/MLST is broken, so turn it off: Listing one file is not supported (returns nothing): bad reply to MLST: type=file;size=1115;modify=20111223081915;UNIX.mode=0644;UNIX.uid=7358993;UNIX.gid=100450;unique=19g18cdcb7; colorScheme.rtf
End.
===== 2012-01-27 00:03:22: Job 'Marble Hop 2012': SYNC started by User on computer 'Tejaswi' =====
Marble Hop 2012: /Users/tejaswi/FNSPROJECTS/MarbleHop/chromeOS/MarbleHop <-> ftp://apps.foxyninjastudios.com/apps/MarbleHop2012, SavePrevVers, CleanupPrevVers=30d, CleanupOldGens=12m, TmpDest, EstReq, CopyLocked, DetectMovesAndRenames, DetectFolderMoves, FileLinksDrill, CaseSens, Reconnect=3, ChangeLimit=10
Copy Over '/Users/tejaswi/FNSPROJECTS/MarbleHop/chromeOS/MarbleHop/colorScheme.rtf' -> 'ftp://apps.foxyninjastudios.com/apps/MarbleHop2012/colorScheme.rtf'
Copy Over 'ftp://apps.foxyninjastudios.com/apps/MarbleHop2012/icon-128.png' -> '/Users/tejaswi/FNSPROJECTS/MarbleHop/chromeOS/MarbleHop/icon-128.png'
Copy Over 'ftp://apps.foxyninjastudios.com/apps/MarbleHop2012/icon-16.png' -> '/Users/tejaswi/FNSPROJECTS/MarbleHop/chromeOS/MarbleHop/icon-16.png'
Sync State: /Images
Copy Over 'ftp://apps.foxyninjastudios.com/apps/MarbleHop2012/Images/ActivityIndicator.png' -> '/Users/tejaswi/FNSPROJECTS/MarbleHop/chromeOS/MarbleHop/Images/ActivityIndicator.png'
Copy Over 'ftp://apps.foxyninjastudios.com/apps/MarbleHop2012/Images/ActivityIndicatorWhite.png' -> '/Users/tejaswi/FNSPROJECTS/MarbleHop/chromeOS/MarbleHop/Images/ActivityIndicatorWhite.png'
Copy Over 'ftp://apps.foxyninjastudios.com/apps/MarbleHop2012/Images/appstore.jpg' -> '/Users/tejaswi/FNSPROJECTS/MarbleHop/chromeOS/MarbleHop/Images/appstore.jpg'
Copy Over 'ftp://apps.foxyninjastudios.com/apps/MarbleHop2012/Images/buttonbgDB.png' -> '/Users/tejaswi/FNSPROJECTS/MarbleHop/chromeOS/MarbleHop/Images/buttonbgDB.png'
Copy Over 'ftp://apps.foxyninjastudios.com/apps/MarbleHop2012/Images/buttonbgG.png' -> '/Users/tejaswi/FNSPROJECTS/MarbleHop/chromeOS/MarbleHop/Images/buttonbgG.png'
Copy Over 'ftp://apps.foxyninjastudios.com/apps/MarbleHop2012/Images/buttonbgLB.png' -> '/Users/tejaswi/FNSPROJECTS/MarbleHop/chromeOS/MarbleHop/Images/buttonbgLB.png'
Copy Over 'ftp://apps.foxyninjastudios.com/apps/MarbleHop2012/Images/buttonbgR.png' -> '/Users/tejaswi/FNSPROJECTS/MarbleHop/chromeOS/MarbleHop/Images/buttonbgR.png'
Copy Over 'ftp://apps.foxyninjastudios.com/apps/MarbleHop2012/Images/buttonbgY.png' -> '/Users/tejaswi/FNSPROJECTS/MarbleHop/chromeOS/MarbleHop/Images/buttonbgY.png'
Copy Over 'ftp://apps.foxyninjastudios.com/apps/MarbleHop2012/Images/buttonClicked.png' -> '/Users/tejaswi/FNSPROJECTS/MarbleHop/chromeOS/MarbleHop/Images/buttonClicked.png'
Copy Over 'ftp://apps.foxyninjastudios.com/apps/MarbleHop2012/Images/contract.png' -> '/Users/tejaswi/FNSPROJECTS/MarbleHop/chromeOS/MarbleHop/Images/contract.png'
Copy Over 'ftp://apps.foxyninjastudios.com/apps/MarbleHop2012/Images/contract_pressed.png' -> '/Users/tejaswi/FNSPROJECTS/MarbleHop/chromeOS/MarbleHop/Images/contract_pressed.png'
Copy Over 'ftp://apps.foxyninjastudios.com/apps/MarbleHop2012/Images/expand.png' -> '/Users/tejaswi/FNSPROJECTS/MarbleHop/chromeOS/MarbleHop/Images/expand.png'
Copy Over 'ftp://apps.foxyninjastudios.com/apps/MarbleHop2012/Images/expand_pressed.png' -> '/Users/tejaswi/FNSPROJECTS/MarbleHop/chromeOS/MarbleHop/Images/expand_pressed.png'
Copy Over 'ftp://apps.foxyninjastudios.com/apps/MarbleHop2012/Images/facebook.png' -> '/Users/tejaswi/FNSPROJECTS/MarbleHop/chromeOS/MarbleHop/Images/facebook.png'
Copy Over 'ftp://apps.foxyninjastudios.com/apps/MarbleHop2012/Images/facebook_pressed.png' -> '/Users/tejaswi/FNSPROJECTS/MarbleHop/chromeOS/MarbleHop/Images/facebook_pressed.png'
Copy Over 'ftp://apps.foxyninjastudios.com/apps/MarbleHop2012/Images/foxyNinjaStudiosLOGO.png' -> '/Users/tejaswi/FNSPROJECTS/MarbleHop/chromeOS/MarbleHop/Images/foxyNinjaStudiosLOGO.png'
Copy Over 'ftp://apps.foxyninjastudios.com/apps/MarbleHop2012/Images/fullVersionInfo.png' -> '/Users/tejaswi/FNSPROJECTS/MarbleHop/chromeOS/MarbleHop/Images/fullVersionInfo.png'
Copy Over 'ftp://apps.foxyninjastudios.com/apps/MarbleHop2012/Images/goodPerf.png' -> '/Users/tejaswi/FNSPROJECTS/MarbleHop/chromeOS/MarbleHop/Images/goodPerf.png'
Copy Over 'ftp://apps.foxyninjastudios.com/apps/MarbleHop2012/Images/help.png' -> '/Users/tejaswi/FNSPROJECTS/MarbleHop/chromeOS/MarbleHop/Images/help.png'
Copy Over 'ftp://apps.foxyninjastudios.com/apps/MarbleHop2012/Images/howto-bk.png' -> '/Users/tejaswi/FNSPROJECTS/MarbleHop/chromeOS/MarbleHop/Images/howto-bk.png'
Copy Over 'ftp://apps.foxyninjastudios.com/apps/MarbleHop2012/Images/howto.png' -> '/Users/tejaswi/FNSPROJECTS/MarbleHop/chromeOS/MarbleHop/Images/howto.png'
Copy New 'ftp://apps.foxyninjastudios.com/apps/MarbleHop2012/Images/icon-128.png' -> '/Users/tejaswi/FNSPROJECTS/MarbleHop/chromeOS/MarbleHop/Images/icon-128.png'
Copy Over '/Users/tejaswi/FNSPROJECTS/MarbleHop/chromeOS/MarbleHop/Images/icon.png' -> 'ftp://apps.foxyninjastudios.com/apps/MarbleHop2012/Images/icon.png'
Copy Over 'ftp://apps.foxyninjastudios.com/apps/MarbleHop2012/Images/info.png' -> '/Users/tejaswi/FNSPROJECTS/MarbleHop/chromeOS/MarbleHop/Images/info.png'
Copy Over 'ftp://apps.foxyninjastudios.com/apps/MarbleHop2012/Images/inst.png' -> '/Users/tejaswi/FNSPROJECTS/MarbleHop/chromeOS/MarbleHop/Images/inst.png'
Copy Over 'ftp://apps.foxyninjastudios.com/apps/MarbleHop2012/Images/instsign.png' -> '/Users/tejaswi/FNSPROJECTS/MarbleHop/chromeOS/MarbleHop/Images/instsign.png'
Copy Over 'ftp://apps.foxyninjastudios.com/apps/MarbleHop2012/Images/logo.png' -> '/Users/tejaswi/FNSPROJECTS/MarbleHop/chromeOS/MarbleHop/Images/logo.png'
Copy Over 'ftp://apps.foxyninjastudios.com/apps/MarbleHop2012/Images/mail.png' -> '/Users/tejaswi/FNSPROJECTS/MarbleHop/chromeOS/MarbleHop/Images/mail.png'
Copy Over 'ftp://apps.foxyninjastudios.com/apps/MarbleHop2012/Images/mail_pressed.png' -> '/Users/tejaswi/FNSPROJECTS/MarbleHop/chromeOS/MarbleHop/Images/mail_pressed.png'
Copy Over 'ftp://apps.foxyninjastudios.com/apps/MarbleHop2012/Images/musicOff.png' -> '/Users/tejaswi/FNSPROJECTS/MarbleHop/chromeOS/MarbleHop/Images/musicOff.png'
Copy Over 'ftp://apps.foxyninjastudios.com/apps/MarbleHop2012/Images/musicOff_pressed.png' -> '/Users/tejaswi/FNSPROJECTS/MarbleHop/chromeOS/MarbleHop/Images/musicOff_pressed.png'
Copy Over 'ftp://apps.foxyninjastudios.com/apps/MarbleHop2012/Images/musicOn.png' -> '/Users/tejaswi/FNSPROJECTS/MarbleHop/chromeOS/MarbleHop/Images/musicOn.png'
Copy Over 'ftp://apps.foxyninjastudios.com/apps/MarbleHop2012/Images/musicOn_pressed.png' -> '/Users/tejaswi/FNSPROJECTS/MarbleHop/chromeOS/MarbleHop/Images/musicOn_pressed.png'
Copy Over 'ftp://apps.foxyninjastudios.com/apps/MarbleHop2012/Images/new.png' -> '/Users/tejaswi/FNSPROJECTS/MarbleHop/chromeOS/MarbleHop/Images/new.png'
Copy Over 'ftp://apps.foxyninjastudios.com/apps/MarbleHop2012/Images/new_pressed.png' -> '/Users/tejaswi/FNSPROJECTS/MarbleHop/chromeOS/MarbleHop/Images/new_pressed.png'
Copy New '/Users/tejaswi/FNSPROJECTS/MarbleHop/chromeOS/MarbleHop/Images/next.png' -> 'ftp://apps.foxyninjastudios.com/apps/MarbleHop2012/Images/next.png'
Copy New '/Users/tejaswi/FNSPROJECTS/MarbleHop/chromeOS/MarbleHop/Images/nexth.png' -> 'ftp://apps.foxyninjastudios.com/apps/MarbleHop2012/Images/nexth.png'
Copy Over 'ftp://apps.foxyninjastudios.com/apps/MarbleHop2012/Images/opL.png' -> '/Users/tejaswi/FNSPROJECTS/MarbleHop/chromeOS/MarbleHop/Images/opL.png'
Copy Over 'ftp://apps.foxyninjastudios.com/apps/MarbleHop2012/Images/opL_pressed.png' -> '/Users/tejaswi/FNSPROJECTS/MarbleHop/chromeOS/MarbleHop/Images/opL_pressed.png'
Copy Over 'ftp://apps.foxyninjastudios.com/apps/MarbleHop2012/Images/opM.png' -> '/Users/tejaswi/FNSPROJECTS/MarbleHop/chromeOS/MarbleHop/Images/opM.png'
Copy Over 'ftp://apps.foxyninjastudios.com/apps/MarbleHop2012/Images/opM_pressed.png' -> '/Users/tejaswi/FNSPROJECTS/MarbleHop/chromeOS/MarbleHop/Images/opM_pressed.png'
Copy New '/Users/tejaswi/FNSPROJECTS/MarbleHop/chromeOS/MarbleHop/Images/prev.png' -> 'ftp://apps.foxyninjastudios.com/apps/MarbleHop2012/Images/prev.png'
Copy New '/Users/tejaswi/FNSPROJECTS/MarbleHop/chromeOS/MarbleHop/Images/prevh.png' -> 'ftp://apps.foxyninjastudios.com/apps/MarbleHop2012/Images/prevh.png'
Copy Over 'ftp://apps.foxyninjastudios.com/apps/MarbleHop2012/Images/puzHint.png' -> '/Users/tejaswi/FNSPROJECTS/MarbleHop/chromeOS/MarbleHop/Images/puzHint.png'
Copy Over 'ftp://apps.foxyninjastudios.com/apps/MarbleHop2012/Images/puzHint1.png' -> '/Users/tejaswi/FNSPROJECTS/MarbleHop/chromeOS/MarbleHop/Images/puzHint1.png'
Copy Over 'ftp://apps.foxyninjastudios.com/apps/MarbleHop2012/Images/puzInst.png' -> '/Users/tejaswi/FNSPROJECTS/MarbleHop/chromeOS/MarbleHop/Images/puzInst.png'
Copy Over 'ftp://apps.foxyninjastudios.com/apps/MarbleHop2012/Images/qs1.png' -> '/Users/tejaswi/FNSPROJECTS/MarbleHop/chromeOS/MarbleHop/Images/qs1.png'
Copy Over 'ftp://apps.foxyninjastudios.com/apps/MarbleHop2012/Images/qs1_pressed.png' -> '/Users/tejaswi/FNSPROJECTS/MarbleHop/chromeOS/MarbleHop/Images/qs1_pressed.png'
Copy Over 'ftp://apps.foxyninjastudios.com/apps/MarbleHop2012/Images/qs2.png' -> '/Users/tejaswi/FNSPROJECTS/MarbleHop/chromeOS/MarbleHop/Images/qs2.png'
Copy Over 'ftp://apps.foxyninjastudios.com/apps/MarbleHop2012/Images/qs2_pressed.png' -> '/Users/tejaswi/FNSPROJECTS/MarbleHop/chromeOS/MarbleHop/Images/qs2_pressed.png'
Copy Over 'ftp://apps.foxyninjastudios.com/apps/MarbleHop2012/Images/qs3.png' -> '/Users/tejaswi/FNSPROJECTS/MarbleHop/chromeOS/MarbleHop/Images/qs3.png'
Copy Over 'ftp://apps.foxyninjastudios.com/apps/MarbleHop2012/Images/qs3_pressed.png' -> '/Users/tejaswi/FNSPROJECTS/MarbleHop/chromeOS/MarbleHop/Images/qs3_pressed.png'
Copy Over 'ftp://apps.foxyninjastudios.com/apps/MarbleHop2012/Images/settings.png' -> '/Users/tejaswi/FNSPROJECTS/MarbleHop/chromeOS/MarbleHop/Images/settings.png'
Copy Over 'ftp://apps.foxyninjastudios.com/apps/MarbleHop2012/Images/soundOff.png' -> '/Users/tejaswi/FNSPROJECTS/MarbleHop/chromeOS/MarbleHop/Images/soundOff.png'
Copy Over 'ftp://apps.foxyninjastudios.com/apps/MarbleHop2012/Images/soundOff_pressed.png' -> '/Users/tejaswi/FNSPROJECTS/MarbleHop/chromeOS/MarbleHop/Images/soundOff_pressed.png'
Copy Over 'ftp://apps.foxyninjastudios.com/apps/MarbleHop2012/Images/soundOn.png' -> '/Users/tejaswi/FNSPROJECTS/MarbleHop/chromeOS/MarbleHop/Images/soundOn.png'
Copy Over 'ftp://apps.foxyninjastudios.com/apps/MarbleHop2012/Images/soundOn_pressed.png' -> '/Users/tejaswi/FNSPROJECTS/MarbleHop/chromeOS/MarbleHop/Images/soundOn_pressed.png'
Copy Over 'ftp://apps.foxyninjastudios.com/apps/MarbleHop2012/Images/stars0.png' -> '/Users/tejaswi/FNSPROJECTS/MarbleHop/chromeOS/MarbleHop/Images/stars0.png'
Copy Over 'ftp://apps.foxyninjastudios.com/apps/MarbleHop2012/Images/stars1.png' -> '/Users/tejaswi/FNSPROJECTS/MarbleHop/chromeOS/MarbleHop/Images/stars1.png'
Copy Over 'ftp://apps.foxyninjastudios.com/apps/MarbleHop2012/Images/stars2.png' -> '/Users/tejaswi/FNSPROJECTS/MarbleHop/chromeOS/MarbleHop/Images/stars2.png'
Copy Over 'ftp://apps.foxyninjastudios.com/apps/MarbleHop2012/Images/stars3.png' -> '/Users/tejaswi/FNSPROJECTS/MarbleHop/chromeOS/MarbleHop/Images/stars3.png'
Copy Over 'ftp://apps.foxyninjastudios.com/apps/MarbleHop2012/Images/stars4.png' -> '/Users/tejaswi/FNSPROJECTS/MarbleHop/chromeOS/MarbleHop/Images/stars4.png'
Copy Over 'ftp://apps.foxyninjastudios.com/apps/MarbleHop2012/Images/stars5.png' -> '/Users/tejaswi/FNSPROJECTS/MarbleHop/chromeOS/MarbleHop/Images/stars5.png'
Copy Over 'ftp://apps.foxyninjastudios.com/apps/MarbleHop2012/Images/topPointer.png' -> '/Users/tejaswi/FNSPROJECTS/MarbleHop/chromeOS/MarbleHop/Images/topPointer.png'
Copy Over 'ftp://apps.foxyninjastudios.com/apps/MarbleHop2012/Images/topPointerAlt.png' -> '/Users/tejaswi/FNSPROJECTS/MarbleHop/chromeOS/MarbleHop/Images/topPointerAlt.png'
Copy Over 'ftp://apps.foxyninjastudios.com/apps/MarbleHop2012/Images/twitter.png' -> '/Users/tejaswi/FNSPROJECTS/MarbleHop/chromeOS/MarbleHop/Images/twitter.png'
Copy Over 'ftp://apps.foxyninjastudios.com/apps/MarbleHop2012/Images/twitter_pressed.png' -> '/Users/tejaswi/FNSPROJECTS/MarbleHop/chromeOS/MarbleHop/Images/twitter_pressed.png'
Copy Over 'ftp://apps.foxyninjastudios.com/apps/MarbleHop2012/Images/wordFoxy.png' -> '/Users/tejaswi/FNSPROJECTS/MarbleHop/chromeOS/MarbleHop/Images/wordFoxy.png'
Copy Over 'ftp://apps.foxyninjastudios.com/apps/MarbleHop2012/Images/wordNinja.png' -> '/Users/tejaswi/FNSPROJECTS/MarbleHop/chromeOS/MarbleHop/Images/wordNinja.png'
Copy Over 'ftp://apps.foxyninjastudios.com/apps/MarbleHop2012/Images/wordStudios.png' -> '/Users/tejaswi/FNSPROJECTS/MarbleHop/chromeOS/MarbleHop/Images/wordStudios.png'
Copy Over '/Users/tejaswi/FNSPROJECTS/MarbleHop/chromeOS/MarbleHop/index.html' -> 'ftp://apps.foxyninjastudios.com/apps/MarbleHop2012/index.html'
Copy Over 'ftp://apps.foxyninjastudios.com/apps/MarbleHop2012/manifest.json' -> '/Users/tejaswi/FNSPROJECTS/MarbleHop/chromeOS/MarbleHop/manifest.json'
Sync State: /mobile
Sync State: /mobile/Images
Sync State: /mobile/Images/bg
Sync State: /mobile/Images/bg/full
Copy Over 'ftp://apps.foxyninjastudios.com/apps/MarbleHop2012/mobile/Images/bg/full/1.jpg' -> '/Users/tejaswi/FNSPROJECTS/MarbleHop/chromeOS/MarbleHop/mobile/Images/bg/full/1.jpg'
Copy Over 'ftp://apps.foxyninjastudios.com/apps/MarbleHop2012/mobile/Images/bg/full/10.jpg' -> '/Users/tejaswi/FNSPROJECTS/MarbleHop/chromeOS/MarbleHop/mobile/Images/bg/full/10.jpg'
Copy Over 'ftp://apps.foxyninjastudios.com/apps/MarbleHop2012/mobile/Images/bg/full/11.jpg' -> '/Users/tejaswi/FNSPROJECTS/MarbleHop/chromeOS/MarbleHop/mobile/Images/bg/full/11.jpg'
Copy Over 'ftp://apps.foxyninjastudios.com/apps/MarbleHop2012/mobile/Images/bg/full/12.jpg' -> '/Users/tejaswi/FNSPROJECTS/MarbleHop/chromeOS/MarbleHop/mobile/Images/bg/full/12.jpg'
Copy Over 'ftp://apps.foxyninjastudios.com/apps/MarbleHop2012/mobile/Images/bg/full/13.jpg' -> '/Users/tejaswi/FNSPROJECTS/MarbleHop/chromeOS/MarbleHop/mobile/Images/bg/full/13.jpg'
Copy Over 'ftp://apps.foxyninjastudios.com/apps/MarbleHop2012/mobile/Images/bg/full/14.jpg' -> '/Users/tejaswi/FNSPROJECTS/MarbleHop/chromeOS/MarbleHop/mobile/Images/bg/full/14.jpg'
Copy Over 'ftp://apps.foxyninjastudios.com/apps/MarbleHop2012/mobile/Images/bg/full/15.jpg' -> '/Users/tejaswi/FNSPROJECTS/MarbleHop/chromeOS/MarbleHop/mobile/Images/bg/full/15.jpg'
Copy Over 'ftp://apps.foxyninjastudios.com/apps/MarbleHop2012/mobile/Images/bg/full/16.jpg' -> '/Users/tejaswi/FNSPROJECTS/MarbleHop/chromeOS/MarbleHop/mobile/Images/bg/full/16.jpg'
Copy Over 'ftp://apps.foxyninjastudios.com/apps/MarbleHop2012/mobile/Images/bg/full/17.jpg' -> '/Users/tejaswi/FNSPROJECTS/MarbleHop/chromeOS/MarbleHop/mobile/Images/bg/full/17.jpg'
Copy Over 'ftp://apps.foxyninjastudios.com/apps/MarbleHop2012/mobile/Images/bg/full/18.jpg' -> '/Users/tejaswi/FNSPROJECTS/MarbleHop/chromeOS/MarbleHop/mobile/Images/bg/full/18.jpg'
Copy Over 'ftp://apps.foxyninjastudios.com/apps/MarbleHop2012/mobile/Images/bg/full/19.jpg' -> '/Users/tejaswi/FNSPROJECTS/MarbleHop/chromeOS/MarbleHop/mobile/Images/bg/full/19.jpg'
Copy Over 'ftp://apps.foxyninjastudios.com/apps/MarbleHop2012/mobile/Images/bg/full/2.jpg' -> '/Users/tejaswi/FNSPROJECTS/MarbleHop/chromeOS/MarbleHop/mobile/Images/bg/full/2.jpg'
Copy Over 'ftp://apps.foxyninjastudios.com/apps/MarbleHop2012/mobile/Images/bg/full/20.jpg' -> '/Users/tejaswi/FNSPROJECTS/MarbleHop/chromeOS/MarbleHop/mobile/Images/bg/full/20.jpg'
Copy Over 'ftp://apps.foxyninjastudios.com/apps/MarbleHop2012/mobile/Images/bg/full/21.jpg' -> '/Users/tejaswi/FNSPROJECTS/MarbleHop/chromeOS/MarbleHop/mobile/Images/bg/full/21.jpg'
Copy Over 'ftp://apps.foxyninjastudios.com/apps/MarbleHop2012/mobile/Images/bg/full/3.jpg' -> '/Users/tejaswi/FNSPROJECTS/MarbleHop/chromeOS/MarbleHop/mobile/Images/bg/full/3.jpg'
Copy Over 'ftp://apps.foxyninjastudios.com/apps/MarbleHop2012/mobile/Images/bg/full/4.jpg' -> '/Users/tejaswi/FNSPROJECTS/MarbleHop/chromeOS/MarbleHop/mobile/Images/bg/full/4.jpg'
Copy Over 'ftp://apps.foxyninjastudios.com/apps/MarbleHop2012/mobile/Images/bg/full/5.jpg' -> '/Users/tejaswi/FNSPROJECTS/MarbleHop/chromeOS/MarbleHop/mobile/Images/bg/full/5.jpg'
Copy Over 'ftp://apps.foxyninjastudios.com/apps/MarbleHop2012/mobile/Images/bg/full/6.jpg' -> '/Users/tejaswi/FNSPROJECTS/MarbleHop/chromeOS/MarbleHop/mobile/Images/bg/full/6.jpg'
Copy Over 'ftp://apps.foxyninjastudios.com/apps/MarbleHop2012/mobile/Images/bg/full/7.jpg' -> '/Users/tejaswi/FNSPROJECTS/MarbleHop/chromeOS/MarbleHop/mobile/Images/bg/full/7.jpg'
Copy Over 'ftp://apps.foxyninjastudios.com/apps/MarbleHop2012/mobile/Images/bg/full/8.jpg' -> '/Users/tejaswi/FNSPROJECTS/MarbleHop/chromeOS/MarbleHop/mobile/Images/bg/full/8.jpg'
Copy Over 'ftp://apps.foxyninjastudios.com/apps/MarbleHop2012/mobile/Images/bg/full/9.jpg' -> '/Users/tejaswi/FNSPROJECTS/MarbleHop/chromeOS/MarbleHop/mobile/Images/bg/full/9.jpg'
Copy Over 'ftp://apps.foxyninjastudios.com/apps/MarbleHop2012/mobile/Images/bg/puzzleLocked.png' -> '/Users/tejaswi/FNSPROJECTS/MarbleHop/chromeOS/MarbleHop/mobile/Images/bg/puzzleLocked.png'
Sync State: /mobile/Images/bg/thumbs
Copy Over 'ftp://apps.foxyninjastudios.com/apps/MarbleHop2012/mobile/Images/bg/thumbs/1.jpg' -> '/Users/tejaswi/FNSPROJECTS/MarbleHop/chromeOS/MarbleHop/mobile/Images/bg/thumbs/1.jpg'
Copy Over 'ftp://apps.foxyninjastudios.com/apps/MarbleHop2012/mobile/Images/bg/thumbs/10.jpg' -> '/Users/tejaswi/FNSPROJECTS/MarbleHop/chromeOS/MarbleHop/mobile/Images/bg/thumbs/10.jpg'
Copy Over 'ftp://apps.foxyninjastudios.com/apps/MarbleHop2012/mobile/Images/bg/thumbs/11.jpg' -> '/Users/tejaswi/FNSPROJECTS/MarbleHop/chromeOS/MarbleHop/mobile/Images/bg/thumbs/11.jpg'
Copy Over 'ftp://apps.foxyninjastudios.com/apps/MarbleHop2012/mobile/Images/bg/thumbs/12.jpg' -> '/Users/tejaswi/FNSPROJECTS/MarbleHop/chromeOS/MarbleHop/mobile/Images/bg/thumbs/12.jpg'
Copy Over 'ftp://apps.foxyninjastudios.com/apps/MarbleHop2012/mobile/Images/bg/thumbs/13.jpg' -> '/Users/tejaswi/FNSPROJECTS/MarbleHop/chromeOS/MarbleHop/mobile/Images/bg/thumbs/13.jpg'
Copy Over 'ftp://apps.foxyninjastudios.com/apps/MarbleHop2012/mobile/Images/bg/thumbs/14.jpg' -> '/Users/tejaswi/FNSPROJECTS/MarbleHop/chromeOS/MarbleHop/mobile/Images/bg/thumbs/14.jpg'
Copy Over 'ftp://apps.foxyninjastudios.com/apps/MarbleHop2012/mobile/Images/bg/thumbs/15.jpg' -> '/Users/tejaswi/FNSPROJECTS/MarbleHop/chromeOS/MarbleHop/mobile/Images/bg/thumbs/15.jpg'
Copy Over 'ftp://apps.foxyninjastudios.com/apps/MarbleHop2012/mobile/Images/bg/thumbs/16.jpg' -> '/Users/tejaswi/FNSPROJECTS/MarbleHop/chromeOS/MarbleHop/mobile/Images/bg/thumbs/16.jpg'
Copy Over 'ftp://apps.foxyninjastudios.com/apps/MarbleHop2012/mobile/Images/bg/thumbs/17.jpg' -> '/Users/tejaswi/FNSPROJECTS/MarbleHop/chromeOS/MarbleHop/mobile/Images/bg/thumbs/17.jpg'
Copy Over 'ftp://apps.foxyninjastudios.com/apps/MarbleHop2012/mobile/Images/bg/thumbs/18.jpg' -> '/Users/tejaswi/FNSPROJECTS/MarbleHop/chromeOS/MarbleHop/mobile/Images/bg/thumbs/18.jpg'
Copy Over 'ftp://apps.foxyninjastudios.com/apps/MarbleHop2012/mobile/Images/bg/thumbs/19.jpg' -> '/Users/tejaswi/FNSPROJECTS/MarbleHop/chromeOS/MarbleHop/mobile/Images/bg/thumbs/19.jpg'
Copy Over 'ftp://apps.foxyninjastudios.com/apps/MarbleHop2012/mobile/Images/bg/thumbs/2.jpg' -> '/Users/tejaswi/FNSPROJECTS/MarbleHop/chromeOS/MarbleHop/mobile/Images/bg/thumbs/2.jpg'
Copy Over 'ftp://apps.foxyninjastudios.com/apps/MarbleHop2012/mobile/Images/bg/thumbs/20.jpg' -> '/Users/tejaswi/FNSPROJECTS/MarbleHop/chromeOS/MarbleHop/mobile/Images/bg/thumbs/20.jpg'
Copy Over 'ftp://apps.foxyninjastudios.com/apps/MarbleHop2012/mobile/Images/bg/thumbs/21.jpg' -> '/Users/tejaswi/FNSPROJECTS/MarbleHop/chromeOS/MarbleHop/mobile/Images/bg/thumbs/21.jpg'
Copy Over 'ftp://apps.foxyninjastudios.com/apps/MarbleHop2012/mobile/Images/bg/thumbs/3.jpg' -> '/Users/tejaswi/FNSPROJECTS/MarbleHop/chromeOS/MarbleHop/mobile/Images/bg/thumbs/3.jpg'
Copy Over 'ftp://apps.foxyninjastudios.com/apps/MarbleHop2012/mobile/Images/bg/thumbs/4.jpg' -> '/Users/tejaswi/FNSPROJECTS/MarbleHop/chromeOS/MarbleHop/mobile/Images/bg/thumbs/4.jpg'
Copy Over 'ftp://apps.foxyninjastudios.com/apps/MarbleHop2012/mobile/Images/bg/thumbs/5.jpg' -> '/Users/tejaswi/FNSPROJECTS/MarbleHop/chromeOS/MarbleHop/mobile/Images/bg/thumbs/5.jpg'
Copy Over 'ftp://apps.foxyninjastudios.com/apps/MarbleHop2012/mobile/Images/bg/thumbs/6.jpg' -> '/Users/tejaswi/FNSPROJECTS/MarbleHop/chromeOS/MarbleHop/mobile/Images/bg/thumbs/6.jpg'
Copy Over 'ftp://apps.foxyninjastudios.com/apps/MarbleHop2012/mobile/Images/bg/thumbs/7.jpg' -> '/Users/tejaswi/FNSPROJECTS/MarbleHop/chromeOS/MarbleHop/mobile/Images/bg/thumbs/7.jpg'
Copy Over 'ftp://apps.foxyninjastudios.com/apps/MarbleHop2012/mobile/Images/bg/thumbs/8.jpg' -> '/Users/tejaswi/FNSPROJECTS/MarbleHop/chromeOS/MarbleHop/mobile/Images/bg/thumbs/8.jpg'
Copy Over 'ftp://apps.foxyninjastudios.com/apps/MarbleHop2012/mobile/Images/bg/thumbs/9.jpg' -> '/Users/tejaswi/FNSPROJECTS/MarbleHop/chromeOS/MarbleHop/mobile/Images/bg/thumbs/9.jpg'
Copy Over 'ftp://apps.foxyninjastudios.com/apps/MarbleHop2012/mobile/Images/bg.png' -> '/Users/tejaswi/FNSPROJECTS/MarbleHop/chromeOS/MarbleHop/mobile/Images/bg.png'
Copy New '/Users/tejaswi/FNSPROJECTS/MarbleHop/chromeOS/MarbleHop/mobile/Images/bgsun.png' -> 'ftp://apps.foxyninjastudios.com/apps/MarbleHop2012/mobile/Images/bgsun.png'
Copy Over 'ftp://apps.foxyninjastudios.com/apps/MarbleHop2012/mobile/Images/buttonbg.png' -> '/Users/tejaswi/FNSPROJECTS/MarbleHop/chromeOS/MarbleHop/mobile/Images/buttonbg.png'
Copy Over 'ftp://apps.foxyninjastudios.com/apps/MarbleHop2012/mobile/Images/flairExcellent.png' -> '/Users/tejaswi/FNSPROJECTS/MarbleHop/chromeOS/MarbleHop/mobile/Images/flairExcellent.png'
Copy Over 'ftp://apps.foxyninjastudios.com/apps/MarbleHop2012/mobile/Images/flairFailed.png' -> '/Users/tejaswi/FNSPROJECTS/MarbleHop/chromeOS/MarbleHop/mobile/Images/flairFailed.png'
Copy Over 'ftp://apps.foxyninjastudios.com/apps/MarbleHop2012/mobile/Images/flairGood.png' -> '/Users/tejaswi/FNSPROJECTS/MarbleHop/chromeOS/MarbleHop/mobile/Images/flairGood.png'
Copy Over 'ftp://apps.foxyninjastudios.com/apps/MarbleHop2012/mobile/Images/flairTimeout.png' -> '/Users/tejaswi/FNSPROJECTS/MarbleHop/chromeOS/MarbleHop/mobile/Images/flairTimeout.png'
Copy Over 'ftp://apps.foxyninjastudios.com/apps/MarbleHop2012/mobile/Images/flairVeryGood.png' -> '/Users/tejaswi/FNSPROJECTS/MarbleHop/chromeOS/MarbleHop/mobile/Images/flairVeryGood.png'
Copy New '/Users/tejaswi/FNSPROJECTS/MarbleHop/chromeOS/MarbleHop/mobile/Images/fullVersion.png' -> 'ftp://apps.foxyninjastudios.com/apps/MarbleHop2012/mobile/Images/fullVersion.png'
Copy Over 'ftp://apps.foxyninjastudios.com/apps/MarbleHop2012/mobile/Images/hand.png' -> '/Users/tejaswi/FNSPROJECTS/MarbleHop/chromeOS/MarbleHop/mobile/Images/hand.png'
Copy Over 'ftp://apps.foxyninjastudios.com/apps/MarbleHop2012/mobile/Images/handcursor.cur' -> '/Users/tejaswi/FNSPROJECTS/MarbleHop/chromeOS/MarbleHop/mobile/Images/handcursor.cur'
Copy Over '/Users/tejaswi/FNSPROJECTS/MarbleHop/chromeOS/MarbleHop/mobile/Images/helpPage0.png' -> 'ftp://apps.foxyninjastudios.com/apps/MarbleHop2012/mobile/Images/helpPage0.png'
Copy Over '/Users/tejaswi/FNSPROJECTS/MarbleHop/chromeOS/MarbleHop/mobile/Images/helpPage1.png' -> 'ftp://apps.foxyninjastudios.com/apps/MarbleHop2012/mobile/Images/helpPage1.png'
Copy Over '/Users/tejaswi/FNSPROJECTS/MarbleHop/chromeOS/MarbleHop/mobile/Images/helpPage2.png' -> 'ftp://apps.foxyninjastudios.com/apps/MarbleHop2012/mobile/Images/helpPage2.png'
Copy Over '/Users/tejaswi/FNSPROJECTS/MarbleHop/chromeOS/MarbleHop/mobile/Images/helpPage3.png' -> 'ftp://apps.foxyninjastudios.com/apps/MarbleHop2012/mobile/Images/helpPage3.png'
Copy Over '/Users/tejaswi/FNSPROJECTS/MarbleHop/chromeOS/MarbleHop/mobile/Images/helpPage4.png' -> 'ftp://apps.foxyninjastudios.com/apps/MarbleHop2012/mobile/Images/helpPage4.png'
Copy Over '/Users/tejaswi/FNSPROJECTS/MarbleHop/chromeOS/MarbleHop/mobile/Images/helpPage5.png' -> 'ftp://apps.foxyninjastudios.com/apps/MarbleHop2012/mobile/Images/helpPage5.png'
Copy Over '/Users/tejaswi/FNSPROJECTS/MarbleHop/chromeOS/MarbleHop/mobile/Images/helpPage6.png' -> 'ftp://apps.foxyninjastudios.com/apps/MarbleHop2012/mobile/Images/helpPage6.png'
Copy New '/Users/tejaswi/FNSPROJECTS/MarbleHop/chromeOS/MarbleHop/mobile/Images/icon.png' -> 'ftp://apps.foxyninjastudios.com/apps/MarbleHop2012/mobile/Images/icon.png'
Copy Over 'ftp://apps.foxyninjastudios.com/apps/MarbleHop2012/mobile/Images/inst.png' -> '/Users/tejaswi/FNSPROJECTS/MarbleHop/chromeOS/MarbleHop/mobile/Images/inst.png'
Copy Over 'ftp://apps.foxyninjastudios.com/apps/MarbleHop2012/mobile/Images/listArrow.png' -> '/Users/tejaswi/FNSPROJECTS/MarbleHop/chromeOS/MarbleHop/mobile/Images/listArrow.png'
Copy Over 'ftp://apps.foxyninjastudios.com/apps/MarbleHop2012/mobile/Images/mainAreaShineDiv.png' -> '/Users/tejaswi/FNSPROJECTS/MarbleHop/chromeOS/MarbleHop/mobile/Images/mainAreaShineDiv.png'
Copy Over 'ftp://apps.foxyninjastudios.com/apps/MarbleHop2012/mobile/Images/marbleBlue.png' -> '/Users/tejaswi/FNSPROJECTS/MarbleHop/chromeOS/MarbleHop/mobile/Images/marbleBlue.png'
Copy Over 'ftp://apps.foxyninjastudios.com/apps/MarbleHop2012/mobile/Images/marbleBlueselected.png' -> '/Users/tejaswi/FNSPROJECTS/MarbleHop/chromeOS/MarbleHop/mobile/Images/marbleBlueselected.png'
Copy Over 'ftp://apps.foxyninjastudios.com/apps/MarbleHop2012/mobile/Images/marbleGold.png' -> '/Users/tejaswi/FNSPROJECTS/MarbleHop/chromeOS/MarbleHop/mobile/Images/marbleGold.png'
Copy Over 'ftp://apps.foxyninjastudios.com/apps/MarbleHop2012/mobile/Images/marbleGoldselected.png' -> '/Users/tejaswi/FNSPROJECTS/MarbleHop/chromeOS/MarbleHop/mobile/Images/marbleGoldselected.png'
Copy Over 'ftp://apps.foxyninjastudios.com/apps/MarbleHop2012/mobile/Images/marbleGreen.png' -> '/Users/tejaswi/FNSPROJECTS/MarbleHop/chromeOS/MarbleHop/mobile/Images/marbleGreen.png'
Copy Over 'ftp://apps.foxyninjastudios.com/apps/MarbleHop2012/mobile/Images/marbleGreenselected.png' -> '/Users/tejaswi/FNSPROJECTS/MarbleHop/chromeOS/MarbleHop/mobile/Images/marbleGreenselected.png'
Copy Over 'ftp://apps.foxyninjastudios.com/apps/MarbleHop2012/mobile/Images/marbleHop.png' -> '/Users/tejaswi/FNSPROJECTS/MarbleHop/chromeOS/MarbleHop/mobile/Images/marbleHop.png'
Copy Over 'ftp://apps.foxyninjastudios.com/apps/MarbleHop2012/mobile/Images/marblePreviewBlue.png' -> '/Users/tejaswi/FNSPROJECTS/MarbleHop/chromeOS/MarbleHop/mobile/Images/marblePreviewBlue.png'
Copy Over 'ftp://apps.foxyninjastudios.com/apps/MarbleHop2012/mobile/Images/marblePreviewGold.png' -> '/Users/tejaswi/FNSPROJECTS/MarbleHop/chromeOS/MarbleHop/mobile/Images/marblePreviewGold.png'
Copy Over 'ftp://apps.foxyninjastudios.com/apps/MarbleHop2012/mobile/Images/marblePreviewGreen.png' -> '/Users/tejaswi/FNSPROJECTS/MarbleHop/chromeOS/MarbleHop/mobile/Images/marblePreviewGreen.png'
Copy Over 'ftp://apps.foxyninjastudios.com/apps/MarbleHop2012/mobile/Images/marblePreviewPurple.png' -> '/Users/tejaswi/FNSPROJECTS/MarbleHop/chromeOS/MarbleHop/mobile/Images/marblePreviewPurple.png'
Copy Over 'ftp://apps.foxyninjastudios.com/apps/MarbleHop2012/mobile/Images/marblePreviewRed.png' -> '/Users/tejaswi/FNSPROJECTS/MarbleHop/chromeOS/MarbleHop/mobile/Images/marblePreviewRed.png'
Copy Over 'ftp://apps.foxyninjastudios.com/apps/MarbleHop2012/mobile/Images/marblePreviewSepia.png' -> '/Users/tejaswi/FNSPROJECTS/MarbleHop/chromeOS/MarbleHop/mobile/Images/marblePreviewSepia.png'
Copy Over 'ftp://apps.foxyninjastudios.com/apps/MarbleHop2012/mobile/Images/marblePreviewSilver.png' -> '/Users/tejaswi/FNSPROJECTS/MarbleHop/chromeOS/MarbleHop/mobile/Images/marblePreviewSilver.png'
Copy Over 'ftp://apps.foxyninjastudios.com/apps/MarbleHop2012/mobile/Images/marbleRed.png' -> '/Users/tejaswi/FNSPROJECTS/MarbleHop/chromeOS/MarbleHop/mobile/Images/marbleRed.png'
Copy Over 'ftp://apps.foxyninjastudios.com/apps/MarbleHop2012/mobile/Images/marbleRedPreview.png' -> '/Users/tejaswi/FNSPROJECTS/MarbleHop/chromeOS/MarbleHop/mobile/Images/marbleRedPreview.png'
Copy Over 'ftp://apps.foxyninjastudios.com/apps/MarbleHop2012/mobile/Images/marbleRedselected.png' -> '/Users/tejaswi/FNSPROJECTS/MarbleHop/chromeOS/MarbleHop/mobile/Images/marbleRedselected.png'
Copy Over 'ftp://apps.foxyninjastudios.com/apps/MarbleHop2012/mobile/Images/marbleSepia.png' -> '/Users/tejaswi/FNSPROJECTS/MarbleHop/chromeOS/MarbleHop/mobile/Images/marbleSepia.png'
Copy Over 'ftp://apps.foxyninjastudios.com/apps/MarbleHop2012/mobile/Images/marbleSepiaselected.png' -> '/Users/tejaswi/FNSPROJECTS/MarbleHop/chromeOS/MarbleHop/mobile/Images/marbleSepiaselected.png'
Copy Over 'ftp://apps.foxyninjastudios.com/apps/MarbleHop2012/mobile/Images/marbleSilver.png' -> '/Users/tejaswi/FNSPROJECTS/MarbleHop/chromeOS/MarbleHop/mobile/Images/marbleSilver.png'
Copy Over 'ftp://apps.foxyninjastudios.com/apps/MarbleHop2012/mobile/Images/marbleSilverselected.png' -> '/Users/tejaswi/FNSPROJECTS/MarbleHop/chromeOS/MarbleHop/mobile/Images/marbleSilverselected.png'
Copy Over 'ftp://apps.foxyninjastudios.com/apps/MarbleHop2012/mobile/Images/nextMovePeg.png' -> '/Users/tejaswi/FNSPROJECTS/MarbleHop/chromeOS/MarbleHop/mobile/Images/nextMovePeg.png'
Copy Over 'ftp://apps.foxyninjastudios.com/apps/MarbleHop2012/mobile/Images/puzBoardSigns.png' -> '/Users/tejaswi/FNSPROJECTS/MarbleHop/chromeOS/MarbleHop/mobile/Images/puzBoardSigns.png'
Copy Over 'ftp://apps.foxyninjastudios.com/apps/MarbleHop2012/mobile/Images/puzInst.png' -> '/Users/tejaswi/FNSPROJECTS/MarbleHop/chromeOS/MarbleHop/mobile/Images/puzInst.png'
Copy Over 'ftp://apps.foxyninjastudios.com/apps/MarbleHop2012/mobile/Images/puzzleBest.png' -> '/Users/tejaswi/FNSPROJECTS/MarbleHop/chromeOS/MarbleHop/mobile/Images/puzzleBest.png'
Copy Over 'ftp://apps.foxyninjastudios.com/apps/MarbleHop2012/mobile/Images/puzzleGood.png' -> '/Users/tejaswi/FNSPROJECTS/MarbleHop/chromeOS/MarbleHop/mobile/Images/puzzleGood.png'
Copy Over '/Users/tejaswi/FNSPROJECTS/MarbleHop/chromeOS/MarbleHop/mobile/Images/puzzleLocked.png' -> 'ftp://apps.foxyninjastudios.com/apps/MarbleHop2012/mobile/Images/puzzleLocked.png'
Copy Over 'ftp://apps.foxyninjastudios.com/apps/MarbleHop2012/mobile/Images/puzzleUnplayed.png' -> '/Users/tejaswi/FNSPROJECTS/MarbleHop/chromeOS/MarbleHop/mobile/Images/puzzleUnplayed.png'
Copy Over 'ftp://apps.foxyninjastudios.com/apps/MarbleHop2012/mobile/Images/puzzleVeryGood.png' -> '/Users/tejaswi/FNSPROJECTS/MarbleHop/chromeOS/MarbleHop/mobile/Images/puzzleVeryGood.png'
Copy Over 'ftp://apps.foxyninjastudios.com/apps/MarbleHop2012/mobile/Images/shine.png' -> '/Users/tejaswi/FNSPROJECTS/MarbleHop/chromeOS/MarbleHop/mobile/Images/shine.png'
Copy Over 'ftp://apps.foxyninjastudios.com/apps/MarbleHop2012/mobile/Images/topPegBG.png' -> '/Users/tejaswi/FNSPROJECTS/MarbleHop/chromeOS/MarbleHop/mobile/Images/topPegBG.png'
Copy Over 'ftp://apps.foxyninjastudios.com/apps/MarbleHop2012/mobile/Images/validPegBG.png' -> '/Users/tejaswi/FNSPROJECTS/MarbleHop/chromeOS/MarbleHop/mobile/Images/validPegBG.png'
Copy Over 'ftp://apps.foxyninjastudios.com/apps/MarbleHop2012/mobile/Images/wood-texture.jpg' -> '/Users/tejaswi/FNSPROJECTS/MarbleHop/chromeOS/MarbleHop/mobile/Images/wood-texture.jpg'
Copy Over '/Users/tejaswi/FNSPROJECTS/MarbleHop/chromeOS/MarbleHop/mobile/main.css' -> 'ftp://apps.foxyninjastudios.com/apps/MarbleHop2012/mobile/main.css'
Copy Over '/Users/tejaswi/FNSPROJECTS/MarbleHop/chromeOS/MarbleHop/mobile/main.js' -> 'ftp://apps.foxyninjastudios.com/apps/MarbleHop2012/mobile/main.js'
Sync State: /mobile/Parts
Sync State: /mobile/Parts/Images
Copy Over 'ftp://apps.foxyninjastudios.com/apps/MarbleHop2012/mobile/Parts/Images/aboutButton.png' -> '/Users/tejaswi/FNSPROJECTS/MarbleHop/chromeOS/MarbleHop/mobile/Parts/Images/aboutButton.png'
Copy Over 'ftp://apps.foxyninjastudios.com/apps/MarbleHop2012/mobile/Parts/Images/aboutButton__mid.png' -> '/Users/tejaswi/FNSPROJECTS/MarbleHop/chromeOS/MarbleHop/mobile/Parts/Images/aboutButton__mid.png'
Copy Over 'ftp://apps.foxyninjastudios.com/apps/MarbleHop2012/mobile/Parts/Images/aboutButton_clicked.png' -> '/Users/tejaswi/FNSPROJECTS/MarbleHop/chromeOS/MarbleHop/mobile/Parts/Images/aboutButton_clicked.png'
Copy Over 'ftp://apps.foxyninjastudios.com/apps/MarbleHop2012/mobile/Parts/Images/aboutButton_clicked__mid.png' -> '/Users/tejaswi/FNSPROJECTS/MarbleHop/chromeOS/MarbleHop/mobile/Parts/Images/aboutButton_clicked__mid.png'
Copy Over 'ftp://apps.foxyninjastudios.com/apps/MarbleHop2012/mobile/Parts/Images/allPuzzles.png' -> '/Users/tejaswi/FNSPROJECTS/MarbleHop/chromeOS/MarbleHop/mobile/Parts/Images/allPuzzles.png'
Copy Over 'ftp://apps.foxyninjastudios.com/apps/MarbleHop2012/mobile/Parts/Images/allPuzzles__mid.png' -> '/Users/tejaswi/FNSPROJECTS/MarbleHop/chromeOS/MarbleHop/mobile/Parts/Images/allPuzzles__mid.png'
Copy Over 'ftp://apps.foxyninjastudios.com/apps/MarbleHop2012/mobile/Parts/Images/allPuzzles_clicked.png' -> '/Users/tejaswi/FNSPROJECTS/MarbleHop/chromeOS/MarbleHop/mobile/Parts/Images/allPuzzles_clicked.png'
Copy Over 'ftp://apps.foxyninjastudios.com/apps/MarbleHop2012/mobile/Parts/Images/allPuzzles_clicked__mid.png' -> '/Users/tejaswi/FNSPROJECTS/MarbleHop/chromeOS/MarbleHop/mobile/Parts/Images/allPuzzles_clicked__mid.png'
Copy Over 'ftp://apps.foxyninjastudios.com/apps/MarbleHop2012/mobile/Parts/Images/backtoLite.png' -> '/Users/tejaswi/FNSPROJECTS/MarbleHop/chromeOS/MarbleHop/mobile/Parts/Images/backtoLite.png'
Copy Over 'ftp://apps.foxyninjastudios.com/apps/MarbleHop2012/mobile/Parts/Images/backtoLite__mid.png' -> '/Users/tejaswi/FNSPROJECTS/MarbleHop/chromeOS/MarbleHop/mobile/Parts/Images/backtoLite__mid.png'
Copy Over 'ftp://apps.foxyninjastudios.com/apps/MarbleHop2012/mobile/Parts/Images/backtoLite_clicked.png' -> '/Users/tejaswi/FNSPROJECTS/MarbleHop/chromeOS/MarbleHop/mobile/Parts/Images/backtoLite_clicked.png'
Copy Over 'ftp://apps.foxyninjastudios.com/apps/MarbleHop2012/mobile/Parts/Images/backtoLite_clicked__mid.png' -> '/Users/tejaswi/FNSPROJECTS/MarbleHop/chromeOS/MarbleHop/mobile/Parts/Images/backtoLite_clicked__mid.png'
Copy Over 'ftp://apps.foxyninjastudios.com/apps/MarbleHop2012/mobile/Parts/Images/backtoPuzzles.png' -> '/Users/tejaswi/FNSPROJECTS/MarbleHop/chromeOS/MarbleHop/mobile/Parts/Images/backtoPuzzles.png'
Copy Over 'ftp://apps.foxyninjastudios.com/apps/MarbleHop2012/mobile/Parts/Images/backtoPuzzles__mid.png' -> '/Users/tejaswi/FNSPROJECTS/MarbleHop/chromeOS/MarbleHop/mobile/Parts/Images/backtoPuzzles__mid.png'
Copy Over 'ftp://apps.foxyninjastudios.com/apps/MarbleHop2012/mobile/Parts/Images/backtoPuzzles_clicked.png' -> '/Users/tejaswi/FNSPROJECTS/MarbleHop/chromeOS/MarbleHop/mobile/Parts/Images/backtoPuzzles_clicked.png'
Copy Over 'ftp://apps.foxyninjastudios.com/apps/MarbleHop2012/mobile/Parts/Images/backtoPuzzles_clicked__mid.png' -> '/Users/tejaswi/FNSPROJECTS/MarbleHop/chromeOS/MarbleHop/mobile/Parts/Images/backtoPuzzles_clicked__mid.png'
Copy Over 'ftp://apps.foxyninjastudios.com/apps/MarbleHop2012/mobile/Parts/Images/currentGameOptions.png' -> '/Users/tejaswi/FNSPROJECTS/MarbleHop/chromeOS/MarbleHop/mobile/Parts/Images/currentGameOptions.png'
Copy Over 'ftp://apps.foxyninjastudios.com/apps/MarbleHop2012/mobile/Parts/Images/currentGameOptions__mid.png' -> '/Users/tejaswi/FNSPROJECTS/MarbleHop/chromeOS/MarbleHop/mobile/Parts/Images/currentGameOptions__mid.png'
Copy Over 'ftp://apps.foxyninjastudios.com/apps/MarbleHop2012/mobile/Parts/Images/customGamesTabButton.png' -> '/Users/tejaswi/FNSPROJECTS/MarbleHop/chromeOS/MarbleHop/mobile/Parts/Images/customGamesTabButton.png'
Copy Over 'ftp://apps.foxyninjastudios.com/apps/MarbleHop2012/mobile/Parts/Images/customGamesTabButton__mid.png' -> '/Users/tejaswi/FNSPROJECTS/MarbleHop/chromeOS/MarbleHop/mobile/Parts/Images/customGamesTabButton__mid.png'
Copy Over 'ftp://apps.foxyninjastudios.com/apps/MarbleHop2012/mobile/Parts/Images/customGamesTabButton_clicked.png' -> '/Users/tejaswi/FNSPROJECTS/MarbleHop/chromeOS/MarbleHop/mobile/Parts/Images/customGamesTabButton_clicked.png'
Copy Over 'ftp://apps.foxyninjastudios.com/apps/MarbleHop2012/mobile/Parts/Images/customGamesTabButton_clicked__mid.png' -> '/Users/tejaswi/FNSPROJECTS/MarbleHop/chromeOS/MarbleHop/mobile/Parts/Images/customGamesTabButton_clicked__mid.png'
Copy Over 'ftp://apps.foxyninjastudios.com/apps/MarbleHop2012/mobile/Parts/Images/decreaseOpacity.png' -> '/Users/tejaswi/FNSPROJECTS/MarbleHop/chromeOS/MarbleHop/mobile/Parts/Images/decreaseOpacity.png'
Copy Over 'ftp://apps.foxyninjastudios.com/apps/MarbleHop2012/mobile/Parts/Images/decreaseOpacity__mid.png' -> '/Users/tejaswi/FNSPROJECTS/MarbleHop/chromeOS/MarbleHop/mobile/Parts/Images/decreaseOpacity__mid.png'
Copy Over 'ftp://apps.foxyninjastudios.com/apps/MarbleHop2012/mobile/Parts/Images/decreaseOpacity_clicked.png' -> '/Users/tejaswi/FNSPROJECTS/MarbleHop/chromeOS/MarbleHop/mobile/Parts/Images/decreaseOpacity_clicked.png'
Copy Over 'ftp://apps.foxyninjastudios.com/apps/MarbleHop2012/mobile/Parts/Images/decreaseOpacity_clicked__mid.png' -> '/Users/tejaswi/FNSPROJECTS/MarbleHop/chromeOS/MarbleHop/mobile/Parts/Images/decreaseOpacity_clicked__mid.png'
Copy Over 'ftp://apps.foxyninjastudios.com/apps/MarbleHop2012/mobile/Parts/Images/dismissAboutButton.png' -> '/Users/tejaswi/FNSPROJECTS/MarbleHop/chromeOS/MarbleHop/mobile/Parts/Images/dismissAboutButton.png'
Copy Over 'ftp://apps.foxyninjastudios.com/apps/MarbleHop2012/mobile/Parts/Images/dismissAboutButton__mid.png' -> '/Users/tejaswi/FNSPROJECTS/MarbleHop/chromeOS/MarbleHop/mobile/Parts/Images/dismissAboutButton__mid.png'
Copy Over 'ftp://apps.foxyninjastudios.com/apps/MarbleHop2012/mobile/Parts/Images/dismissAboutButton_clicked.png' -> '/Users/tejaswi/FNSPROJECTS/MarbleHop/chromeOS/MarbleHop/mobile/Parts/Images/dismissAboutButton_clicked.png'
Copy Over 'ftp://apps.foxyninjastudios.com/apps/MarbleHop2012/mobile/Parts/Images/dismissAboutButton_clicked__mid.png' -> '/Users/tejaswi/FNSPROJECTS/MarbleHop/chromeOS/MarbleHop/mobile/Parts/Images/dismissAboutButton_clicked__mid.png'
Copy Over 'ftp://apps.foxyninjastudios.com/apps/MarbleHop2012/mobile/Parts/Images/dismissEndGameOptionsScreen.png' -> '/Users/tejaswi/FNSPROJECTS/MarbleHop/chromeOS/MarbleHop/mobile/Parts/Images/dismissEndGameOptionsScreen.png'
Copy Over 'ftp://apps.foxyninjastudios.com/apps/MarbleHop2012/mobile/Parts/Images/dismissEndGameOptionsScreen__mid.png' -> '/Users/tejaswi/FNSPROJECTS/MarbleHop/chromeOS/MarbleHop/mobile/Parts/Images/dismissEndGameOptionsScreen__mid.png'
Copy Over 'ftp://apps.foxyninjastudios.com/apps/MarbleHop2012/mobile/Parts/Images/dismissEndGameOptionsScreen_clicked.png' -> '/Users/tejaswi/FNSPROJECTS/MarbleHop/chromeOS/MarbleHop/mobile/Parts/Images/dismissEndGameOptionsScreen_clicked.png'
Copy Over 'ftp://apps.foxyninjastudios.com/apps/MarbleHop2012/mobile/Parts/Images/dismissEndGameOptionsScreen_clicked__mid.png' -> '/Users/tejaswi/FNSPROJECTS/MarbleHop/chromeOS/MarbleHop/mobile/Parts/Images/dismissEndGameOptionsScreen_clicked__mid.png'
Copy Over 'ftp://apps.foxyninjastudios.com/apps/MarbleHop2012/mobile/Parts/Images/dismissfullGameScreen.png' -> '/Users/tejaswi/FNSPROJECTS/MarbleHop/chromeOS/MarbleHop/mobile/Parts/Images/dismissfullGameScreen.png'
Copy Over 'ftp://apps.foxyninjastudios.com/apps/MarbleHop2012/mobile/Parts/Images/dismissfullGameScreen__mid.png' -> '/Users/tejaswi/FNSPROJECTS/MarbleHop/chromeOS/MarbleHop/mobile/Parts/Images/dismissfullGameScreen__mid.png'
Copy Over 'ftp://apps.foxyninjastudios.com/apps/MarbleHop2012/mobile/Parts/Images/dismissfullGameScreen_clicked.png' -> '/Users/tejaswi/FNSPROJECTS/MarbleHop/chromeOS/MarbleHop/mobile/Parts/Images/dismissfullGameScreen_clicked.png'
Copy Over 'ftp://apps.foxyninjastudios.com/apps/MarbleHop2012/mobile/Parts/Images/dismissfullGameScreen_clicked__mid.png' -> '/Users/tejaswi/FNSPROJECTS/MarbleHop/chromeOS/MarbleHop/mobile/Parts/Images/dismissfullGameScreen_clicked__mid.png'
Copy Over 'ftp://apps.foxyninjastudios.com/apps/MarbleHop2012/mobile/Parts/Images/dismissHowToScreen.png' -> '/Users/tejaswi/FNSPROJECTS/MarbleHop/chromeOS/MarbleHop/mobile/Parts/Images/dismissHowToScreen.png'
Copy Over 'ftp://apps.foxyninjastudios.com/apps/MarbleHop2012/mobile/Parts/Images/dismissHowToScreen__mid.png' -> '/Users/tejaswi/FNSPROJECTS/MarbleHop/chromeOS/MarbleHop/mobile/Parts/Images/dismissHowToScreen__mid.png'
Copy Over 'ftp://apps.foxyninjastudios.com/apps/MarbleHop2012/mobile/Parts/Images/dismissHowToScreen_clicked.png' -> '/Users/tejaswi/FNSPROJECTS/MarbleHop/chromeOS/MarbleHop/mobile/Parts/Images/dismissHowToScreen_clicked.png'
Copy Over 'ftp://apps.foxyninjastudios.com/apps/MarbleHop2012/mobile/Parts/Images/dismissHowToScreen_clicked__mid.png' -> '/Users/tejaswi/FNSPROJECTS/MarbleHop/chromeOS/MarbleHop/mobile/Parts/Images/dismissHowToScreen_clicked__mid.png'
Copy Over 'ftp://apps.foxyninjastudios.com/apps/MarbleHop2012/mobile/Parts/Images/dismissLoadGameScreen.png' -> '/Users/tejaswi/FNSPROJECTS/MarbleHop/chromeOS/MarbleHop/mobile/Parts/Images/dismissLoadGameScreen.png'
Copy Over 'ftp://apps.foxyninjastudios.com/apps/MarbleHop2012/mobile/Parts/Images/dismissLoadGameScreen__mid.png' -> '/Users/tejaswi/FNSPROJECTS/MarbleHop/chromeOS/MarbleHop/mobile/Parts/Images/dismissLoadGameScreen__mid.png'
Copy Over 'ftp://apps.foxyninjastudios.com/apps/MarbleHop2012/mobile/Parts/Images/dismissLoadGameScreen_clicked.png' -> '/Users/tejaswi/FNSPROJECTS/MarbleHop/chromeOS/MarbleHop/mobile/Parts/Images/dismissLoadGameScreen_clicked.png'
Copy Over 'ftp://apps.foxyninjastudios.com/apps/MarbleHop2012/mobile/Parts/Images/dismissLoadGameScreen_clicked__mid.png' -> '/Users/tejaswi/FNSPROJECTS/MarbleHop/chromeOS/MarbleHop/mobile/Parts/Images/dismissLoadGameScreen_clicked__mid.png'
Copy Over 'ftp://apps.foxyninjastudios.com/apps/MarbleHop2012/mobile/Parts/Images/dismissSaveGameScreen.png' -> '/Users/tejaswi/FNSPROJECTS/MarbleHop/chromeOS/MarbleHop/mobile/Parts/Images/dismissSaveGameScreen.png'
Copy Over 'ftp://apps.foxyninjastudios.com/apps/MarbleHop2012/mobile/Parts/Images/dismissSaveGameScreen__mid.png' -> '/Users/tejaswi/FNSPROJECTS/MarbleHop/chromeOS/MarbleHop/mobile/Parts/Images/dismissSaveGameScreen__mid.png'
Copy Over 'ftp://apps.foxyninjastudios.com/apps/MarbleHop2012/mobile/Parts/Images/dismissSaveGameScreen_clicked.png' -> '/Users/tejaswi/FNSPROJECTS/MarbleHop/chromeOS/MarbleHop/mobile/Parts/Images/dismissSaveGameScreen_clicked.png'
Copy Over 'ftp://apps.foxyninjastudios.com/apps/MarbleHop2012/mobile/Parts/Images/dismissSaveGameScreen_clicked__mid.png' -> '/Users/tejaswi/FNSPROJECTS/MarbleHop/chromeOS/MarbleHop/mobile/Parts/Images/dismissSaveGameScreen_clicked__mid.png'
Copy Over 'ftp://apps.foxyninjastudios.com/apps/MarbleHop2012/mobile/Parts/Images/emptyBoard.png' -> '/Users/tejaswi/FNSPROJECTS/MarbleHop/chromeOS/MarbleHop/mobile/Parts/Images/emptyBoard.png'
Copy Over 'ftp://apps.foxyninjastudios.com/apps/MarbleHop2012/mobile/Parts/Images/emptyBoard__mid.png' -> '/Users/tejaswi/FNSPROJECTS/MarbleHop/chromeOS/MarbleHop/mobile/Parts/Images/emptyBoard__mid.png'
Copy Over 'ftp://apps.foxyninjastudios.com/apps/MarbleHop2012/mobile/Parts/Images/emptyBoard_clicked.png' -> '/Users/tejaswi/FNSPROJECTS/MarbleHop/chromeOS/MarbleHop/mobile/Parts/Images/emptyBoard_clicked.png'
Copy Over 'ftp://apps.foxyninjastudios.com/apps/MarbleHop2012/mobile/Parts/Images/emptyBoard_clicked__mid.png' -> '/Users/tejaswi/FNSPROJECTS/MarbleHop/chromeOS/MarbleHop/mobile/Parts/Images/emptyBoard_clicked__mid.png'
Copy Over 'ftp://apps.foxyninjastudios.com/apps/MarbleHop2012/mobile/Parts/Images/footerDiv.png' -> '/Users/tejaswi/FNSPROJECTS/MarbleHop/chromeOS/MarbleHop/mobile/Parts/Images/footerDiv.png'
Copy Over 'ftp://apps.foxyninjastudios.com/apps/MarbleHop2012/mobile/Parts/Images/footerSplitter.png' -> '/Users/tejaswi/FNSPROJECTS/MarbleHop/chromeOS/MarbleHop/mobile/Parts/Images/footerSplitter.png'
Copy Over 'ftp://apps.foxyninjastudios.com/apps/MarbleHop2012/mobile/Parts/Images/footerSplitter__mid.png' -> '/Users/tejaswi/FNSPROJECTS/MarbleHop/chromeOS/MarbleHop/mobile/Parts/Images/footerSplitter__mid.png'
Copy Over 'ftp://apps.foxyninjastudios.com/apps/MarbleHop2012/mobile/Parts/Images/fullBoard.png' -> '/Users/tejaswi/FNSPROJECTS/MarbleHop/chromeOS/MarbleHop/mobile/Parts/Images/fullBoard.png'
Copy Over 'ftp://apps.foxyninjastudios.com/apps/MarbleHop2012/mobile/Parts/Images/fullBoard__mid.png' -> '/Users/tejaswi/FNSPROJECTS/MarbleHop/chromeOS/MarbleHop/mobile/Parts/Images/fullBoard__mid.png'
Copy Over 'ftp://apps.foxyninjastudios.com/apps/MarbleHop2012/mobile/Parts/Images/fullBoard_clicked.png' -> '/Users/tejaswi/FNSPROJECTS/MarbleHop/chromeOS/MarbleHop/mobile/Parts/Images/fullBoard_clicked.png'
Copy Over 'ftp://apps.foxyninjastudios.com/apps/MarbleHop2012/mobile/Parts/Images/fullBoard_clicked__mid.png' -> '/Users/tejaswi/FNSPROJECTS/MarbleHop/chromeOS/MarbleHop/mobile/Parts/Images/fullBoard_clicked__mid.png'
Copy Over 'ftp://apps.foxyninjastudios.com/apps/MarbleHop2012/mobile/Parts/Images/fullVersionInfoScreen.png' -> '/Users/tejaswi/FNSPROJECTS/MarbleHop/chromeOS/MarbleHop/mobile/Parts/Images/fullVersionInfoScreen.png'
Copy Over 'ftp://apps.foxyninjastudios.com/apps/MarbleHop2012/mobile/Parts/Images/fullVersionInfoScreen__mid.png' -> '/Users/tejaswi/FNSPROJECTS/MarbleHop/chromeOS/MarbleHop/mobile/Parts/Images/fullVersionInfoScreen__mid.png'
Copy Over 'ftp://apps.foxyninjastudios.com/apps/MarbleHop2012/mobile/Parts/Images/goToClassic.png' -> '/Users/tejaswi/FNSPROJECTS/MarbleHop/chromeOS/MarbleHop/mobile/Parts/Images/goToClassic.png'
Copy Over 'ftp://apps.foxyninjastudios.com/apps/MarbleHop2012/mobile/Parts/Images/goToClassic__mid.png' -> '/Users/tejaswi/FNSPROJECTS/MarbleHop/chromeOS/MarbleHop/mobile/Parts/Images/goToClassic__mid.png'
Copy Over 'ftp://apps.foxyninjastudios.com/apps/MarbleHop2012/mobile/Parts/Images/goToClassic_clicked.png' -> '/Users/tejaswi/FNSPROJECTS/MarbleHop/chromeOS/MarbleHop/mobile/Parts/Images/goToClassic_clicked.png'
Copy Over 'ftp://apps.foxyninjastudios.com/apps/MarbleHop2012/mobile/Parts/Images/goToClassic_clicked__mid.png' -> '/Users/tejaswi/FNSPROJECTS/MarbleHop/chromeOS/MarbleHop/mobile/Parts/Images/goToClassic_clicked__mid.png'
Copy Over 'ftp://apps.foxyninjastudios.com/apps/MarbleHop2012/mobile/Parts/Images/goToHowTo.png' -> '/Users/tejaswi/FNSPROJECTS/MarbleHop/chromeOS/MarbleHop/mobile/Parts/Images/goToHowTo.png'
Copy Over 'ftp://apps.foxyninjastudios.com/apps/MarbleHop2012/mobile/Parts/Images/goToHowTo__mid.png' -> '/Users/tejaswi/FNSPROJECTS/MarbleHop/chromeOS/MarbleHop/mobile/Parts/Images/goToHowTo__mid.png'
Copy Over 'ftp://apps.foxyninjastudios.com/apps/MarbleHop2012/mobile/Parts/Images/goToHowTo_clicked.png' -> '/Users/tejaswi/FNSPROJECTS/MarbleHop/chromeOS/MarbleHop/mobile/Parts/Images/goToHowTo_clicked.png'
Copy Over 'ftp://apps.foxyninjastudios.com/apps/MarbleHop2012/mobile/Parts/Images/goToHowTo_clicked__mid.png' -> '/Users/tejaswi/FNSPROJECTS/MarbleHop/chromeOS/MarbleHop/mobile/Parts/Images/goToHowTo_clicked__mid.png'
Copy Over 'ftp://apps.foxyninjastudios.com/apps/MarbleHop2012/mobile/Parts/Images/goToPro.png' -> '/Users/tejaswi/FNSPROJECTS/MarbleHop/chromeOS/MarbleHop/mobile/Parts/Images/goToPro.png'
Copy Over 'ftp://apps.foxyninjastudios.com/apps/MarbleHop2012/mobile/Parts/Images/goToPro__mid.png' -> '/Users/tejaswi/FNSPROJECTS/MarbleHop/chromeOS/MarbleHop/mobile/Parts/Images/goToPro__mid.png'
Copy Over 'ftp://apps.foxyninjastudios.com/apps/MarbleHop2012/mobile/Parts/Images/goToPro_clicked.png' -> '/Users/tejaswi/FNSPROJECTS/MarbleHop/chromeOS/MarbleHop/mobile/Parts/Images/goToPro_clicked.png'
Copy Over 'ftp://apps.foxyninjastudios.com/apps/MarbleHop2012/mobile/Parts/Images/goToPro_clicked__mid.png' -> '/Users/tejaswi/FNSPROJECTS/MarbleHop/chromeOS/MarbleHop/mobile/Parts/Images/goToPro_clicked__mid.png'
Copy Over 'ftp://apps.foxyninjastudios.com/apps/MarbleHop2012/mobile/Parts/Images/header2Div.png' -> '/Users/tejaswi/FNSPROJECTS/MarbleHop/chromeOS/MarbleHop/mobile/Parts/Images/header2Div.png'
Copy Over 'ftp://apps.foxyninjastudios.com/apps/MarbleHop2012/mobile/Parts/Images/header2Div__mid.png' -> '/Users/tejaswi/FNSPROJECTS/MarbleHop/chromeOS/MarbleHop/mobile/Parts/Images/header2Div__mid.png'
Copy Over 'ftp://apps.foxyninjastudios.com/apps/MarbleHop2012/mobile/Parts/Images/headerDiv.png' -> '/Users/tejaswi/FNSPROJECTS/MarbleHop/chromeOS/MarbleHop/mobile/Parts/Images/headerDiv.png'
Copy Over 'ftp://apps.foxyninjastudios.com/apps/MarbleHop2012/mobile/Parts/Images/headerDiv__mid.png' -> '/Users/tejaswi/FNSPROJECTS/MarbleHop/chromeOS/MarbleHop/mobile/Parts/Images/headerDiv__mid.png'
Copy Over 'ftp://apps.foxyninjastudios.com/apps/MarbleHop2012/mobile/Parts/Images/headerSplitter.png' -> '/Users/tejaswi/FNSPROJECTS/MarbleHop/chromeOS/MarbleHop/mobile/Parts/Images/headerSplitter.png'
Copy Over 'ftp://apps.foxyninjastudios.com/apps/MarbleHop2012/mobile/Parts/Images/headerSplitter__mid.png' -> '/Users/tejaswi/FNSPROJECTS/MarbleHop/chromeOS/MarbleHop/mobile/Parts/Images/headerSplitter__mid.png'
Copy Over 'ftp://apps.foxyninjastudios.com/apps/MarbleHop2012/mobile/Parts/Images/hintsareOffButton.png' -> '/Users/tejaswi/FNSPROJECTS/MarbleHop/chromeOS/MarbleHop/mobile/Parts/Images/hintsareOffButton.png'
Copy Over 'ftp://apps.foxyninjastudios.com/apps/MarbleHop2012/mobile/Parts/Images/hintsareOffButton__mid.png' -> '/Users/tejaswi/FNSPROJECTS/MarbleHop/chromeOS/MarbleHop/mobile/Parts/Images/hintsareOffButton__mid.png'
Copy Over 'ftp://apps.foxyninjastudios.com/apps/MarbleHop2012/mobile/Parts/Images/hintsareOffButton_clicked.png' -> '/Users/tejaswi/FNSPROJECTS/MarbleHop/chromeOS/MarbleHop/mobile/Parts/Images/hintsareOffButton_clicked.png'
Copy Over 'ftp://apps.foxyninjastudios.com/apps/MarbleHop2012/mobile/Parts/Images/hintsareOffButton_clicked__mid.png' -> '/Users/tejaswi/FNSPROJECTS/MarbleHop/chromeOS/MarbleHop/mobile/Parts/Images/hintsareOffButton_clicked__mid.png'
Copy Over 'ftp://apps.foxyninjastudios.com/apps/MarbleHop2012/mobile/Parts/Images/hintsareOnButton.png' -> '/Users/tejaswi/FNSPROJECTS/MarbleHop/chromeOS/MarbleHop/mobile/Parts/Images/hintsareOnButton.png'
Copy Over 'ftp://apps.foxyninjastudios.com/apps/MarbleHop2012/mobile/Parts/Images/hintsareOnButton__mid.png' -> '/Users/tejaswi/FNSPROJECTS/MarbleHop/chromeOS/MarbleHop/mobile/Parts/Images/hintsareOnButton__mid.png'
Copy Over 'ftp://apps.foxyninjastudios.com/apps/MarbleHop2012/mobile/Parts/Images/hintsareOnButton_clicked.png' -> '/Users/tejaswi/FNSPROJECTS/MarbleHop/chromeOS/MarbleHop/mobile/Parts/Images/hintsareOnButton_clicked.png'
Copy Over 'ftp://apps.foxyninjastudios.com/apps/MarbleHop2012/mobile/Parts/Images/hintsareOnButton_clicked__mid.png' -> '/Users/tejaswi/FNSPROJECTS/MarbleHop/chromeOS/MarbleHop/mobile/Parts/Images/hintsareOnButton_clicked__mid.png'
Copy Over 'ftp://apps.foxyninjastudios.com/apps/MarbleHop2012/mobile/Parts/Images/howToPlayButton.png' -> '/Users/tejaswi/FNSPROJECTS/MarbleHop/chromeOS/MarbleHop/mobile/Parts/Images/howToPlayButton.png'
Copy Over 'ftp://apps.foxyninjastudios.com/apps/MarbleHop2012/mobile/Parts/Images/howToPlayButton__mid.png' -> '/Users/tejaswi/FNSPROJECTS/MarbleHop/chromeOS/MarbleHop/mobile/Parts/Images/howToPlayButton__mid.png'
Copy Over 'ftp://apps.foxyninjastudios.com/apps/MarbleHop2012/mobile/Parts/Images/howToPlayButton_clicked.png' -> '/Users/tejaswi/FNSPROJECTS/MarbleHop/chromeOS/MarbleHop/mobile/Parts/Images/howToPlayButton_clicked.png'
Copy Over 'ftp://apps.foxyninjastudios.com/apps/MarbleHop2012/mobile/Parts/Images/howToPlayButton_clicked__mid.png' -> '/Users/tejaswi/FNSPROJECTS/MarbleHop/chromeOS/MarbleHop/mobile/Parts/Images/howToPlayButton_clicked__mid.png'
Copy Over 'ftp://apps.foxyninjastudios.com/apps/MarbleHop2012/mobile/Parts/Images/howtoStartupOffButton.png' -> '/Users/tejaswi/FNSPROJECTS/MarbleHop/chromeOS/MarbleHop/mobile/Parts/Images/howtoStartupOffButton.png'
Copy Over 'ftp://apps.foxyninjastudios.com/apps/MarbleHop2012/mobile/Parts/Images/howtoStartupOffButton__mid.png' -> '/Users/tejaswi/FNSPROJECTS/MarbleHop/chromeOS/MarbleHop/mobile/Parts/Images/howtoStartupOffButton__mid.png'
Copy Over 'ftp://apps.foxyninjastudios.com/apps/MarbleHop2012/mobile/Parts/Images/howtoStartupOffButton_clicked.png' -> '/Users/tejaswi/FNSPROJECTS/MarbleHop/chromeOS/MarbleHop/mobile/Parts/Images/howtoStartupOffButton_clicked.png'
Copy Over 'ftp://apps.foxyninjastudios.com/apps/MarbleHop2012/mobile/Parts/Images/howtoStartupOffButton_clicked__mid.png' -> '/Users/tejaswi/FNSPROJECTS/MarbleHop/chromeOS/MarbleHop/mobile/Parts/Images/howtoStartupOffButton_clicked__mid.png'
Copy Over 'ftp://apps.foxyninjastudios.com/apps/MarbleHop2012/mobile/Parts/Images/howtoStartupOnButton.png' -> '/Users/tejaswi/FNSPROJECTS/MarbleHop/chromeOS/MarbleHop/mobile/Parts/Images/howtoStartupOnButton.png'
Copy Over 'ftp://apps.foxyninjastudios.com/apps/MarbleHop2012/mobile/Parts/Images/howtoStartupOnButton__mid.png' -> '/Users/tejaswi/FNSPROJECTS/MarbleHop/chromeOS/MarbleHop/mobile/Parts/Images/howtoStartupOnButton__mid.png'
Copy Over 'ftp://apps.foxyninjastudios.com/apps/MarbleHop2012/mobile/Parts/Images/howtoStartupOnButton_clicked.png' -> '/Users/tejaswi/FNSPROJECTS/MarbleHop/chromeOS/MarbleHop/mobile/Parts/Images/howtoStartupOnButton_clicked.png'
Copy Over 'ftp://apps.foxyninjastudios.com/apps/MarbleHop2012/mobile/Parts/Images/howtoStartupOnButton_clicked__mid.png' -> '/Users/tejaswi/FNSPROJECTS/MarbleHop/chromeOS/MarbleHop/mobile/Parts/Images/howtoStartupOnButton_clicked__mid.png'
Copy Over 'ftp://apps.foxyninjastudios.com/apps/MarbleHop2012/mobile/Parts/Images/increaseOpacity.png' -> '/Users/tejaswi/FNSPROJECTS/MarbleHop/chromeOS/MarbleHop/mobile/Parts/Images/increaseOpacity.png'
Copy Over 'ftp://apps.foxyninjastudios.com/apps/MarbleHop2012/mobile/Parts/Images/increaseOpacity__mid.png' -> '/Users/tejaswi/FNSPROJECTS/MarbleHop/chromeOS/MarbleHop/mobile/Parts/Images/increaseOpacity__mid.png'
Copy Over 'ftp://apps.foxyninjastudios.com/apps/MarbleHop2012/mobile/Parts/Images/increaseOpacity_clicked.png' -> '/Users/tejaswi/FNSPROJECTS/MarbleHop/chromeOS/MarbleHop/mobile/Parts/Images/increaseOpacity_clicked.png'
Copy Over 'ftp://apps.foxyninjastudios.com/apps/MarbleHop2012/mobile/Parts/Images/increaseOpacity_clicked__mid.png' -> '/Users/tejaswi/FNSPROJECTS/MarbleHop/chromeOS/MarbleHop/mobile/Parts/Images/increaseOpacity_clicked__mid.png'
Copy Over 'ftp://apps.foxyninjastudios.com/apps/MarbleHop2012/mobile/Parts/Images/loadGameButton.png' -> '/Users/tejaswi/FNSPROJECTS/MarbleHop/chromeOS/MarbleHop/mobile/Parts/Images/loadGameButton.png'
Copy Over 'ftp://apps.foxyninjastudios.com/apps/MarbleHop2012/mobile/Parts/Images/loadGameButton__mid.png' -> '/Users/tejaswi/FNSPROJECTS/MarbleHop/chromeOS/MarbleHop/mobile/Parts/Images/loadGameButton__mid.png'
Copy Over 'ftp://apps.foxyninjastudios.com/apps/MarbleHop2012/mobile/Parts/Images/loadGameButton_clicked.png' -> '/Users/tejaswi/FNSPROJECTS/MarbleHop/chromeOS/MarbleHop/mobile/Parts/Images/loadGameButton_clicked.png'
Copy Over 'ftp://apps.foxyninjastudios.com/apps/MarbleHop2012/mobile/Parts/Images/loadGameButton_clicked__mid.png' -> '/Users/tejaswi/FNSPROJECTS/MarbleHop/chromeOS/MarbleHop/mobile/Parts/Images/loadGameButton_clicked__mid.png'
Copy Over 'ftp://apps.foxyninjastudios.com/apps/MarbleHop2012/mobile/Parts/Images/loadingBox.png' -> '/Users/tejaswi/FNSPROJECTS/MarbleHop/chromeOS/MarbleHop/mobile/Parts/Images/loadingBox.png'
Copy Over 'ftp://apps.foxyninjastudios.com/apps/MarbleHop2012/mobile/Parts/Images/loadingBox__mid.png' -> '/Users/tejaswi/FNSPROJECTS/MarbleHop/chromeOS/MarbleHop/mobile/Parts/Images/loadingBox__mid.png'
Copy Over 'ftp://apps.foxyninjastudios.com/apps/MarbleHop2012/mobile/Parts/Images/mainAreaBackCover.png' -> '/Users/tejaswi/FNSPROJECTS/MarbleHop/chromeOS/MarbleHop/mobile/Parts/Images/mainAreaBackCover.png'
Copy Over 'ftp://apps.foxyninjastudios.com/apps/MarbleHop2012/mobile/Parts/Images/mainAreaCoverAlt.png' -> '/Users/tejaswi/FNSPROJECTS/MarbleHop/chromeOS/MarbleHop/mobile/Parts/Images/mainAreaCoverAlt.png'
Copy Over 'ftp://apps.foxyninjastudios.com/apps/MarbleHop2012/mobile/Parts/Images/mainAreaCoverAlt__mid.png' -> '/Users/tejaswi/FNSPROJECTS/MarbleHop/chromeOS/MarbleHop/mobile/Parts/Images/mainAreaCoverAlt__mid.png'
Copy Over 'ftp://apps.foxyninjastudios.com/apps/MarbleHop2012/mobile/Parts/Images/messageBox.png' -> '/Users/tejaswi/FNSPROJECTS/MarbleHop/chromeOS/MarbleHop/mobile/Parts/Images/messageBox.png'
Copy Over 'ftp://apps.foxyninjastudios.com/apps/MarbleHop2012/mobile/Parts/Images/messageBox__mid.png' -> '/Users/tejaswi/FNSPROJECTS/MarbleHop/chromeOS/MarbleHop/mobile/Parts/Images/messageBox__mid.png'
Copy Over 'ftp://apps.foxyninjastudios.com/apps/MarbleHop2012/mobile/Parts/Images/musicisOffButton.png' -> '/Users/tejaswi/FNSPROJECTS/MarbleHop/chromeOS/MarbleHop/mobile/Parts/Images/musicisOffButton.png'
Copy Over 'ftp://apps.foxyninjastudios.com/apps/MarbleHop2012/mobile/Parts/Images/musicisOffButton__mid.png' -> '/Users/tejaswi/FNSPROJECTS/MarbleHop/chromeOS/MarbleHop/mobile/Parts/Images/musicisOffButton__mid.png'
Copy Over 'ftp://apps.foxyninjastudios.com/apps/MarbleHop2012/mobile/Parts/Images/musicisOffButton_clicked.png' -> '/Users/tejaswi/FNSPROJECTS/MarbleHop/chromeOS/MarbleHop/mobile/Parts/Images/musicisOffButton_clicked.png'
Copy Over 'ftp://apps.foxyninjastudios.com/apps/MarbleHop2012/mobile/Parts/Images/musicisOffButton_clicked__mid.png' -> '/Users/tejaswi/FNSPROJECTS/MarbleHop/chromeOS/MarbleHop/mobile/Parts/Images/musicisOffButton_clicked__mid.png'
Copy Over 'ftp://apps.foxyninjastudios.com/apps/MarbleHop2012/mobile/Parts/Images/musicisOnButton.png' -> '/Users/tejaswi/FNSPROJECTS/MarbleHop/chromeOS/MarbleHop/mobile/Parts/Images/musicisOnButton.png'
Copy Over 'ftp://apps.foxyninjastudios.com/apps/MarbleHop2012/mobile/Parts/Images/musicisOnButton__mid.png' -> '/Users/tejaswi/FNSPROJECTS/MarbleHop/chromeOS/MarbleHop/mobile/Parts/Images/musicisOnButton__mid.png'
Copy Over 'ftp://apps.foxyninjastudios.com/apps/MarbleHop2012/mobile/Parts/Images/musicisOnButton_clicked.png' -> '/Users/tejaswi/FNSPROJECTS/MarbleHop/chromeOS/MarbleHop/mobile/Parts/Images/musicisOnButton_clicked.png'
Copy Over 'ftp://apps.foxyninjastudios.com/apps/MarbleHop2012/mobile/Parts/Images/musicisOnButton_clicked__mid.png' -> '/Users/tejaswi/FNSPROJECTS/MarbleHop/chromeOS/MarbleHop/mobile/Parts/Images/musicisOnButton_clicked__mid.png'
Copy Over 'ftp://apps.foxyninjastudios.com/apps/MarbleHop2012/mobile/Parts/Images/newGameButton.png' -> '/Users/tejaswi/FNSPROJECTS/MarbleHop/chromeOS/MarbleHop/mobile/Parts/Images/newGameButton.png'
Copy Over 'ftp://apps.foxyninjastudios.com/apps/MarbleHop2012/mobile/Parts/Images/newGameButton__mid.png' -> '/Users/tejaswi/FNSPROJECTS/MarbleHop/chromeOS/MarbleHop/mobile/Parts/Images/newGameButton__mid.png'
Copy Over 'ftp://apps.foxyninjastudios.com/apps/MarbleHop2012/mobile/Parts/Images/newGameButton_clicked.png' -> '/Users/tejaswi/FNSPROJECTS/MarbleHop/chromeOS/MarbleHop/mobile/Parts/Images/newGameButton_clicked.png'
Copy Over 'ftp://apps.foxyninjastudios.com/apps/MarbleHop2012/mobile/Parts/Images/newGameButton_clicked__mid.png' -> '/Users/tejaswi/FNSPROJECTS/MarbleHop/chromeOS/MarbleHop/mobile/Parts/Images/newGameButton_clicked__mid.png'
Copy Over 'ftp://apps.foxyninjastudios.com/apps/MarbleHop2012/mobile/Parts/Images/nextPuzzle.png' -> '/Users/tejaswi/FNSPROJECTS/MarbleHop/chromeOS/MarbleHop/mobile/Parts/Images/nextPuzzle.png'
Copy Over 'ftp://apps.foxyninjastudios.com/apps/MarbleHop2012/mobile/Parts/Images/nextPuzzle__mid.png' -> '/Users/tejaswi/FNSPROJECTS/MarbleHop/chromeOS/MarbleHop/mobile/Parts/Images/nextPuzzle__mid.png'
Copy Over 'ftp://apps.foxyninjastudios.com/apps/MarbleHop2012/mobile/Parts/Images/nextPuzzle_clicked.png' -> '/Users/tejaswi/FNSPROJECTS/MarbleHop/chromeOS/MarbleHop/mobile/Parts/Images/nextPuzzle_clicked.png'
Copy Over 'ftp://apps.foxyninjastudios.com/apps/MarbleHop2012/mobile/Parts/Images/nextPuzzle_clicked__mid.png' -> '/Users/tejaswi/FNSPROJECTS/MarbleHop/chromeOS/MarbleHop/mobile/Parts/Images/nextPuzzle_clicked__mid.png'
Copy Over 'ftp://apps.foxyninjastudios.com/apps/MarbleHop2012/mobile/Parts/Images/opacityBar.png' -> '/Users/tejaswi/FNSPROJECTS/MarbleHop/chromeOS/MarbleHop/mobile/Parts/Images/opacityBar.png'
Copy Over 'ftp://apps.foxyninjastudios.com/apps/MarbleHop2012/mobile/Parts/Images/opacityBar__mid.png' -> '/Users/tejaswi/FNSPROJECTS/MarbleHop/chromeOS/MarbleHop/mobile/Parts/Images/opacityBar__mid.png'
Copy Over 'ftp://apps.foxyninjastudios.com/apps/MarbleHop2012/mobile/Parts/Images/ovalShape.png' -> '/Users/tejaswi/FNSPROJECTS/MarbleHop/chromeOS/MarbleHop/mobile/Parts/Images/ovalShape.png'
Copy Over 'ftp://apps.foxyninjastudios.com/apps/MarbleHop2012/mobile/Parts/Images/playPreviewBoard.png' -> '/Users/tejaswi/FNSPROJECTS/MarbleHop/chromeOS/MarbleHop/mobile/Parts/Images/playPreviewBoard.png'
Copy Over 'ftp://apps.foxyninjastudios.com/apps/MarbleHop2012/mobile/Parts/Images/playPreviewBoard__mid.png' -> '/Users/tejaswi/FNSPROJECTS/MarbleHop/chromeOS/MarbleHop/mobile/Parts/Images/playPreviewBoard__mid.png'
Copy Over 'ftp://apps.foxyninjastudios.com/apps/MarbleHop2012/mobile/Parts/Images/playPreviewBoard_clicked.png' -> '/Users/tejaswi/FNSPROJECTS/MarbleHop/chromeOS/MarbleHop/mobile/Parts/Images/playPreviewBoard_clicked.png'
Copy Over 'ftp://apps.foxyninjastudios.com/apps/MarbleHop2012/mobile/Parts/Images/playPreviewBoard_clicked__mid.png' -> '/Users/tejaswi/FNSPROJECTS/MarbleHop/chromeOS/MarbleHop/mobile/Parts/Images/playPreviewBoard_clicked__mid.png'
Copy Over 'ftp://apps.foxyninjastudios.com/apps/MarbleHop2012/mobile/Parts/Images/playPuzzle.png' -> '/Users/tejaswi/FNSPROJECTS/MarbleHop/chromeOS/MarbleHop/mobile/Parts/Images/playPuzzle.png'
Copy Over 'ftp://apps.foxyninjastudios.com/apps/MarbleHop2012/mobile/Parts/Images/playPuzzle__mid.png' -> '/Users/tejaswi/FNSPROJECTS/MarbleHop/chromeOS/MarbleHop/mobile/Parts/Images/playPuzzle__mid.png'
Copy Over 'ftp://apps.foxyninjastudios.com/apps/MarbleHop2012/mobile/Parts/Images/playPuzzle_clicked.png' -> '/Users/tejaswi/FNSPROJECTS/MarbleHop/chromeOS/MarbleHop/mobile/Parts/Images/playPuzzle_clicked.png'
Copy Over 'ftp://apps.foxyninjastudios.com/apps/MarbleHop2012/mobile/Parts/Images/playPuzzle_clicked__mid.png' -> '/Users/tejaswi/FNSPROJECTS/MarbleHop/chromeOS/MarbleHop/mobile/Parts/Images/playPuzzle_clicked__mid.png'
Copy Over 'ftp://apps.foxyninjastudios.com/apps/MarbleHop2012/mobile/Parts/Images/playPuzzleAgain.png' -> '/Users/tejaswi/FNSPROJECTS/MarbleHop/chromeOS/MarbleHop/mobile/Parts/Images/playPuzzleAgain.png'
Copy Over 'ftp://apps.foxyninjastudios.com/apps/MarbleHop2012/mobile/Parts/Images/playPuzzleAgain__mid.png' -> '/Users/tejaswi/FNSPROJECTS/MarbleHop/chromeOS/MarbleHop/mobile/Parts/Images/playPuzzleAgain__mid.png'
Copy Over 'ftp://apps.foxyninjastudios.com/apps/MarbleHop2012/mobile/Parts/Images/playPuzzleAgain_clicked.png' -> '/Users/tejaswi/FNSPROJECTS/MarbleHop/chromeOS/MarbleHop/mobile/Parts/Images/playPuzzleAgain_clicked.png'
Copy Over 'ftp://apps.foxyninjastudios.com/apps/MarbleHop2012/mobile/Parts/Images/playPuzzleAgain_clicked__mid.png' -> '/Users/tejaswi/FNSPROJECTS/MarbleHop/chromeOS/MarbleHop/mobile/Parts/Images/playPuzzleAgain_clicked__mid.png'
Copy Over 'ftp://apps.foxyninjastudios.com/apps/MarbleHop2012/mobile/Parts/Images/puzzleGamesTabButton.png' -> '/Users/tejaswi/FNSPROJECTS/MarbleHop/chromeOS/MarbleHop/mobile/Parts/Images/puzzleGamesTabButton.png'
Copy Over 'ftp://apps.foxyninjastudios.com/apps/MarbleHop2012/mobile/Parts/Images/puzzleGamesTabButton__mid.png' -> '/Users/tejaswi/FNSPROJECTS/MarbleHop/chromeOS/MarbleHop/mobile/Parts/Images/puzzleGamesTabButton__mid.png'
Copy Over 'ftp://apps.foxyninjastudios.com/apps/MarbleHop2012/mobile/Parts/Images/puzzleGamesTabButton_clicked.png' -> '/Users/tejaswi/FNSPROJECTS/MarbleHop/chromeOS/MarbleHop/mobile/Parts/Images/puzzleGamesTabButton_clicked.png'
Copy Over 'ftp://apps.foxyninjastudios.com/apps/MarbleHop2012/mobile/Parts/Images/puzzleGamesTabButton_clicked__mid.png' -> '/Users/tejaswi/FNSPROJECTS/MarbleHop/chromeOS/MarbleHop/mobile/Parts/Images/puzzleGamesTabButton_clicked__mid.png'
Copy Over 'ftp://apps.foxyninjastudios.com/apps/MarbleHop2012/mobile/Parts/Images/puzzleHintOffButton.png' -> '/Users/tejaswi/FNSPROJECTS/MarbleHop/chromeOS/MarbleHop/mobile/Parts/Images/puzzleHintOffButton.png'
Copy Over 'ftp://apps.foxyninjastudios.com/apps/MarbleHop2012/mobile/Parts/Images/puzzleHintOffButton__mid.png' -> '/Users/tejaswi/FNSPROJECTS/MarbleHop/chromeOS/MarbleHop/mobile/Parts/Images/puzzleHintOffButton__mid.png'
Copy Over 'ftp://apps.foxyninjastudios.com/apps/MarbleHop2012/mobile/Parts/Images/puzzleHintOffButton_clicked.png' -> '/Users/tejaswi/FNSPROJECTS/MarbleHop/chromeOS/MarbleHop/mobile/Parts/Images/puzzleHintOffButton_clicked.png'
Copy Over 'ftp://apps.foxyninjastudios.com/apps/MarbleHop2012/mobile/Parts/Images/puzzleHintOffButton_clicked__mid.png' -> '/Users/tejaswi/FNSPROJECTS/MarbleHop/chromeOS/MarbleHop/mobile/Parts/Images/puzzleHintOffButton_clicked__mid.png'
Copy Over 'ftp://apps.foxyninjastudios.com/apps/MarbleHop2012/mobile/Parts/Images/puzzleHintOnButton.png' -> '/Users/tejaswi/FNSPROJECTS/MarbleHop/chromeOS/MarbleHop/mobile/Parts/Images/puzzleHintOnButton.png'
Copy Over 'ftp://apps.foxyninjastudios.com/apps/MarbleHop2012/mobile/Parts/Images/puzzleHintOnButton__mid.png' -> '/Users/tejaswi/FNSPROJECTS/MarbleHop/chromeOS/MarbleHop/mobile/Parts/Images/puzzleHintOnButton__mid.png'
Copy Over 'ftp://apps.foxyninjastudios.com/apps/MarbleHop2012/mobile/Parts/Images/puzzleHintOnButton_clicked.png' -> '/Users/tejaswi/FNSPROJECTS/MarbleHop/chromeOS/MarbleHop/mobile/Parts/Images/puzzleHintOnButton_clicked.png'
Copy Over 'ftp://apps.foxyninjastudios.com/apps/MarbleHop2012/mobile/Parts/Images/puzzleHintOnButton_clicked__mid.png' -> '/Users/tejaswi/FNSPROJECTS/MarbleHop/chromeOS/MarbleHop/mobile/Parts/Images/puzzleHintOnButton_clicked__mid.png'
Copy Over 'ftp://apps.foxyninjastudios.com/apps/MarbleHop2012/mobile/Parts/Images/quickStartScreen.png' -> '/Users/tejaswi/FNSPROJECTS/MarbleHop/chromeOS/MarbleHop/mobile/Parts/Images/quickStartScreen.png'
Copy Over 'ftp://apps.foxyninjastudios.com/apps/MarbleHop2012/mobile/Parts/Images/quickStartScreen__mid.png' -> '/Users/tejaswi/FNSPROJECTS/MarbleHop/chromeOS/MarbleHop/mobile/Parts/Images/quickStartScreen__mid.png'
Copy Over 'ftp://apps.foxyninjastudios.com/apps/MarbleHop2012/mobile/Parts/Images/saveAndStartANewFullBoardButton.png' -> '/Users/tejaswi/FNSPROJECTS/MarbleHop/chromeOS/MarbleHop/mobile/Parts/Images/saveAndStartANewFullBoardButton.png'
Copy Over 'ftp://apps.foxyninjastudios.com/apps/MarbleHop2012/mobile/Parts/Images/saveAndStartANewFullBoardButton__mid.png' -> '/Users/tejaswi/FNSPROJECTS/MarbleHop/chromeOS/MarbleHop/mobile/Parts/Images/saveAndStartANewFullBoardButton__mid.png'
Copy Over 'ftp://apps.foxyninjastudios.com/apps/MarbleHop2012/mobile/Parts/Images/saveAndStartANewFullBoardButton_clicked.png' -> '/Users/tejaswi/FNSPROJECTS/MarbleHop/chromeOS/MarbleHop/mobile/Parts/Images/saveAndStartANewFullBoardButton_clicked.png'
Copy Over 'ftp://apps.foxyninjastudios.com/apps/MarbleHop2012/mobile/Parts/Images/saveAndStartANewFullBoardButton_clicked__mid.png' -> '/Users/tejaswi/FNSPROJECTS/MarbleHop/chromeOS/MarbleHop/mobile/Parts/Images/saveAndStartANewFullBoardButton_clicked__mid.png'
Copy Over 'ftp://apps.foxyninjastudios.com/apps/MarbleHop2012/mobile/Parts/Images/saveBoardConfirmButton.png' -> '/Users/tejaswi/FNSPROJECTS/MarbleHop/chromeOS/MarbleHop/mobile/Parts/Images/saveBoardConfirmButton.png'
Copy Over 'ftp://apps.foxyninjastudios.com/apps/MarbleHop2012/mobile/Parts/Images/saveBoardConfirmButton__mid.png' -> '/Users/tejaswi/FNSPROJECTS/MarbleHop/chromeOS/MarbleHop/mobile/Parts/Images/saveBoardConfirmButton__mid.png'
Copy Over 'ftp://apps.foxyninjastudios.com/apps/MarbleHop2012/mobile/Parts/Images/saveBoardConfirmButton_clicked.png' -> '/Users/tejaswi/FNSPROJECTS/MarbleHop/chromeOS/MarbleHop/mobile/Parts/Images/saveBoardConfirmButton_clicked.png'
Copy Over 'ftp://apps.foxyninjastudios.com/apps/MarbleHop2012/mobile/Parts/Images/saveBoardConfirmButton_clicked__mid.png' -> '/Users/tejaswi/FNSPROJECTS/MarbleHop/chromeOS/MarbleHop/mobile/Parts/Images/saveBoardConfirmButton_clicked__mid.png'
Copy Over 'ftp://apps.foxyninjastudios.com/apps/MarbleHop2012/mobile/Parts/Images/savedGamesTabButton.png' -> '/Users/tejaswi/FNSPROJECTS/MarbleHop/chromeOS/MarbleHop/mobile/Parts/Images/savedGamesTabButton.png'
Copy Over 'ftp://apps.foxyninjastudios.com/apps/MarbleHop2012/mobile/Parts/Images/savedGamesTabButton__mid.png' -> '/Users/tejaswi/FNSPROJECTS/MarbleHop/chromeOS/MarbleHop/mobile/Parts/Images/savedGamesTabButton__mid.png'
Copy Over 'ftp://apps.foxyninjastudios.com/apps/MarbleHop2012/mobile/Parts/Images/savedGamesTabButton_clicked.png' -> '/Users/tejaswi/FNSPROJECTS/MarbleHop/chromeOS/MarbleHop/mobile/Parts/Images/savedGamesTabButton_clicked.png'
Copy Over 'ftp://apps.foxyninjastudios.com/apps/MarbleHop2012/mobile/Parts/Images/savedGamesTabButton_clicked__mid.png' -> '/Users/tejaswi/FNSPROJECTS/MarbleHop/chromeOS/MarbleHop/mobile/Parts/Images/savedGamesTabButton_clicked__mid.png'
Copy Over 'ftp://apps.foxyninjastudios.com/apps/MarbleHop2012/mobile/Parts/Images/saveGameButton.png' -> '/Users/tejaswi/FNSPROJECTS/MarbleHop/chromeOS/MarbleHop/mobile/Parts/Images/saveGameButton.png'
Copy Over 'ftp://apps.foxyninjastudios.com/apps/MarbleHop2012/mobile/Parts/Images/saveGameButton__mid.png' -> '/Users/tejaswi/FNSPROJECTS/MarbleHop/chromeOS/MarbleHop/mobile/Parts/Images/saveGameButton__mid.png'
Copy Over 'ftp://apps.foxyninjastudios.com/apps/MarbleHop2012/mobile/Parts/Images/saveGameButton_clicked.png' -> '/Users/tejaswi/FNSPROJECTS/MarbleHop/chromeOS/MarbleHop/mobile/Parts/Images/saveGameButton_clicked.png'
Copy Over 'ftp://apps.foxyninjastudios.com/apps/MarbleHop2012/mobile/Parts/Images/saveGameButton_clicked__mid.png' -> '/Users/tejaswi/FNSPROJECTS/MarbleHop/chromeOS/MarbleHop/mobile/Parts/Images/saveGameButton_clicked__mid.png'
Copy Over 'ftp://apps.foxyninjastudios.com/apps/MarbleHop2012/mobile/Parts/Images/settingsButton.png' -> '/Users/tejaswi/FNSPROJECTS/MarbleHop/chromeOS/MarbleHop/mobile/Parts/Images/settingsButton.png'
Copy Over 'ftp://apps.foxyninjastudios.com/apps/MarbleHop2012/mobile/Parts/Images/settingsButton__mid.png' -> '/Users/tejaswi/FNSPROJECTS/MarbleHop/chromeOS/MarbleHop/mobile/Parts/Images/settingsButton__mid.png'
Copy Over 'ftp://apps.foxyninjastudios.com/apps/MarbleHop2012/mobile/Parts/Images/settingsButton_clicked.png' -> '/Users/tejaswi/FNSPROJECTS/MarbleHop/chromeOS/MarbleHop/mobile/Parts/Images/settingsButton_clicked.png'
Copy Over 'ftp://apps.foxyninjastudios.com/apps/MarbleHop2012/mobile/Parts/Images/settingsButton_clicked__mid.png' -> '/Users/tejaswi/FNSPROJECTS/MarbleHop/chromeOS/MarbleHop/mobile/Parts/Images/settingsButton_clicked__mid.png'
Copy Over 'ftp://apps.foxyninjastudios.com/apps/MarbleHop2012/mobile/Parts/Images/settingsToggleButtonOff1.png' -> '/Users/tejaswi/FNSPROJECTS/MarbleHop/chromeOS/MarbleHop/mobile/Parts/Images/settingsToggleButtonOff1.png'
Copy Over 'ftp://apps.foxyninjastudios.com/apps/MarbleHop2012/mobile/Parts/Images/settingsToggleButtonOff1__mid.png' -> '/Users/tejaswi/FNSPROJECTS/MarbleHop/chromeOS/MarbleHop/mobile/Parts/Images/settingsToggleButtonOff1__mid.png'
Copy Over 'ftp://apps.foxyninjastudios.com/apps/MarbleHop2012/mobile/Parts/Images/settingsToggleButtonOff1_clicked.png' -> '/Users/tejaswi/FNSPROJECTS/MarbleHop/chromeOS/MarbleHop/mobile/Parts/Images/settingsToggleButtonOff1_clicked.png'
Copy Over 'ftp://apps.foxyninjastudios.com/apps/MarbleHop2012/mobile/Parts/Images/settingsToggleButtonOff1_clicked__mid.png' -> '/Users/tejaswi/FNSPROJECTS/MarbleHop/chromeOS/MarbleHop/mobile/Parts/Images/settingsToggleButtonOff1_clicked__mid.png'
Copy Over 'ftp://apps.foxyninjastudios.com/apps/MarbleHop2012/mobile/Parts/Images/soundisOffButton.png' -> '/Users/tejaswi/FNSPROJECTS/MarbleHop/chromeOS/MarbleHop/mobile/Parts/Images/soundisOffButton.png'
Copy Over 'ftp://apps.foxyninjastudios.com/apps/MarbleHop2012/mobile/Parts/Images/soundisOffButton__mid.png' -> '/Users/tejaswi/FNSPROJECTS/MarbleHop/chromeOS/MarbleHop/mobile/Parts/Images/soundisOffButton__mid.png'
Copy Over 'ftp://apps.foxyninjastudios.com/apps/MarbleHop2012/mobile/Parts/Images/soundisOffButton_clicked.png' -> '/Users/tejaswi/FNSPROJECTS/MarbleHop/chromeOS/MarbleHop/mobile/Parts/Images/soundisOffButton_clicked.png'
Copy Over 'ftp://apps.foxyninjastudios.com/apps/MarbleHop2012/mobile/Parts/Images/soundisOffButton_clicked__mid.png' -> '/Users/tejaswi/FNSPROJECTS/MarbleHop/chromeOS/MarbleHop/mobile/Parts/Images/soundisOffButton_clicked__mid.png'
Copy Over 'ftp://apps.foxyninjastudios.com/apps/MarbleHop2012/mobile/Parts/Images/soundisOnButton.png' -> '/Users/tejaswi/FNSPROJECTS/MarbleHop/chromeOS/MarbleHop/mobile/Parts/Images/soundisOnButton.png'
Copy Over 'ftp://apps.foxyninjastudios.com/apps/MarbleHop2012/mobile/Parts/Images/soundisOnButton__mid.png' -> '/Users/tejaswi/FNSPROJECTS/MarbleHop/chromeOS/MarbleHop/mobile/Parts/Images/soundisOnButton__mid.png'
Copy Over 'ftp://apps.foxyninjastudios.com/apps/MarbleHop2012/mobile/Parts/Images/soundisOnButton_clicked.png' -> '/Users/tejaswi/FNSPROJECTS/MarbleHop/chromeOS/MarbleHop/mobile/Parts/Images/soundisOnButton_clicked.png'
Copy Over 'ftp://apps.foxyninjastudios.com/apps/MarbleHop2012/mobile/Parts/Images/soundisOnButton_clicked__mid.png' -> '/Users/tejaswi/FNSPROJECTS/MarbleHop/chromeOS/MarbleHop/mobile/Parts/Images/soundisOnButton_clicked__mid.png'
Copy Over 'ftp://apps.foxyninjastudios.com/apps/MarbleHop2012/mobile/Parts/Images/startANewFullBoardButton.png' -> '/Users/tejaswi/FNSPROJECTS/MarbleHop/chromeOS/MarbleHop/mobile/Parts/Images/startANewFullBoardButton.png'
Copy Over 'ftp://apps.foxyninjastudios.com/apps/MarbleHop2012/mobile/Parts/Images/startANewFullBoardButton1.png' -> '/Users/tejaswi/FNSPROJECTS/MarbleHop/chromeOS/MarbleHop/mobile/Parts/Images/startANewFullBoardButton1.png'
Copy Over 'ftp://apps.foxyninjastudios.com/apps/MarbleHop2012/mobile/Parts/Images/startANewFullBoardButton1__mid.png' -> '/Users/tejaswi/FNSPROJECTS/MarbleHop/chromeOS/MarbleHop/mobile/Parts/Images/startANewFullBoardButton1__mid.png'
Copy Over 'ftp://apps.foxyninjastudios.com/apps/MarbleHop2012/mobile/Parts/Images/startANewFullBoardButton1_clicked.png' -> '/Users/tejaswi/FNSPROJECTS/MarbleHop/chromeOS/MarbleHop/mobile/Parts/Images/startANewFullBoardButton1_clicked.png'
Copy Over 'ftp://apps.foxyninjastudios.com/apps/MarbleHop2012/mobile/Parts/Images/startANewFullBoardButton1_clicked__mid.png' -> '/Users/tejaswi/FNSPROJECTS/MarbleHop/chromeOS/MarbleHop/mobile/Parts/Images/startANewFullBoardButton1_clicked__mid.png'
Copy Over 'ftp://apps.foxyninjastudios.com/apps/MarbleHop2012/mobile/Parts/Images/startANewFullBoardButton__mid.png' -> '/Users/tejaswi/FNSPROJECTS/MarbleHop/chromeOS/MarbleHop/mobile/Parts/Images/startANewFullBoardButton__mid.png'
Copy Over 'ftp://apps.foxyninjastudios.com/apps/MarbleHop2012/mobile/Parts/Images/startANewFullBoardButton_clicked.png' -> '/Users/tejaswi/FNSPROJECTS/MarbleHop/chromeOS/MarbleHop/mobile/Parts/Images/startANewFullBoardButton_clicked.png'
Copy Over 'ftp://apps.foxyninjastudios.com/apps/MarbleHop2012/mobile/Parts/Images/startANewFullBoardButton_clicked__mid.png' -> '/Users/tejaswi/FNSPROJECTS/MarbleHop/chromeOS/MarbleHop/mobile/Parts/Images/startANewFullBoardButton_clicked__mid.png'
Copy Over 'ftp://apps.foxyninjastudios.com/apps/MarbleHop2012/mobile/Parts/Images/startGameOverButton.png' -> '/Users/tejaswi/FNSPROJECTS/MarbleHop/chromeOS/MarbleHop/mobile/Parts/Images/startGameOverButton.png'
Copy Over 'ftp://apps.foxyninjastudios.com/apps/MarbleHop2012/mobile/Parts/Images/startGameOverButton__mid.png' -> '/Users/tejaswi/FNSPROJECTS/MarbleHop/chromeOS/MarbleHop/mobile/Parts/Images/startGameOverButton__mid.png'
Copy Over 'ftp://apps.foxyninjastudios.com/apps/MarbleHop2012/mobile/Parts/Images/startGameOverButton_clicked.png' -> '/Users/tejaswi/FNSPROJECTS/MarbleHop/chromeOS/MarbleHop/mobile/Parts/Images/startGameOverButton_clicked.png'
Copy Over 'ftp://apps.foxyninjastudios.com/apps/MarbleHop2012/mobile/Parts/Images/startGameOverButton_clicked__mid.png' -> '/Users/tejaswi/FNSPROJECTS/MarbleHop/chromeOS/MarbleHop/mobile/Parts/Images/startGameOverButton_clicked__mid.png'
Copy Over 'ftp://apps.foxyninjastudios.com/apps/MarbleHop2012/mobile/Parts/Images/startUpScreen.png' -> '/Users/tejaswi/FNSPROJECTS/MarbleHop/chromeOS/MarbleHop/mobile/Parts/Images/startUpScreen.png'
Copy Over 'ftp://apps.foxyninjastudios.com/apps/MarbleHop2012/mobile/Parts/Images/startUpScreen__mid.png' -> '/Users/tejaswi/FNSPROJECTS/MarbleHop/chromeOS/MarbleHop/mobile/Parts/Images/startUpScreen__mid.png'
Copy Over 'ftp://apps.foxyninjastudios.com/apps/MarbleHop2012/mobile/Parts/Images/tpOffButton.png' -> '/Users/tejaswi/FNSPROJECTS/MarbleHop/chromeOS/MarbleHop/mobile/Parts/Images/tpOffButton.png'
Copy Over 'ftp://apps.foxyninjastudios.com/apps/MarbleHop2012/mobile/Parts/Images/tpOffButton__mid.png' -> '/Users/tejaswi/FNSPROJECTS/MarbleHop/chromeOS/MarbleHop/mobile/Parts/Images/tpOffButton__mid.png'
Copy Over 'ftp://apps.foxyninjastudios.com/apps/MarbleHop2012/mobile/Parts/Images/tpOffButton_clicked.png' -> '/Users/tejaswi/FNSPROJECTS/MarbleHop/chromeOS/MarbleHop/mobile/Parts/Images/tpOffButton_clicked.png'
Copy Over 'ftp://apps.foxyninjastudios.com/apps/MarbleHop2012/mobile/Parts/Images/tpOffButton_clicked__mid.png' -> '/Users/tejaswi/FNSPROJECTS/MarbleHop/chromeOS/MarbleHop/mobile/Parts/Images/tpOffButton_clicked__mid.png'
Copy Over 'ftp://apps.foxyninjastudios.com/apps/MarbleHop2012/mobile/Parts/Images/tpOnButton.png' -> '/Users/tejaswi/FNSPROJECTS/MarbleHop/chromeOS/MarbleHop/mobile/Parts/Images/tpOnButton.png'
Copy Over 'ftp://apps.foxyninjastudios.com/apps/MarbleHop2012/mobile/Parts/Images/tpOnButton__mid.png' -> '/Users/tejaswi/FNSPROJECTS/MarbleHop/chromeOS/MarbleHop/mobile/Parts/Images/tpOnButton__mid.png'
Copy Over 'ftp://apps.foxyninjastudios.com/apps/MarbleHop2012/mobile/Parts/Images/tpOnButton_clicked.png' -> '/Users/tejaswi/FNSPROJECTS/MarbleHop/chromeOS/MarbleHop/mobile/Parts/Images/tpOnButton_clicked.png'
Copy Over 'ftp://apps.foxyninjastudios.com/apps/MarbleHop2012/mobile/Parts/Images/tpOnButton_clicked__mid.png' -> '/Users/tejaswi/FNSPROJECTS/MarbleHop/chromeOS/MarbleHop/mobile/Parts/Images/tpOnButton_clicked__mid.png'
Copy Over 'ftp://apps.foxyninjastudios.com/apps/MarbleHop2012/mobile/Parts/Images/trialOverScreen.png' -> '/Users/tejaswi/FNSPROJECTS/MarbleHop/chromeOS/MarbleHop/mobile/Parts/Images/trialOverScreen.png'
Copy Over 'ftp://apps.foxyninjastudios.com/apps/MarbleHop2012/mobile/Parts/Images/trialOverScreen__mid.png' -> '/Users/tejaswi/FNSPROJECTS/MarbleHop/chromeOS/MarbleHop/mobile/Parts/Images/trialOverScreen__mid.png'
Copy Over 'ftp://apps.foxyninjastudios.com/apps/MarbleHop2012/mobile/Parts/Images/undoLastMoveButton.png' -> '/Users/tejaswi/FNSPROJECTS/MarbleHop/chromeOS/MarbleHop/mobile/Parts/Images/undoLastMoveButton.png'
Copy Over 'ftp://apps.foxyninjastudios.com/apps/MarbleHop2012/mobile/Parts/Images/undoLastMoveButton__mid.png' -> '/Users/tejaswi/FNSPROJECTS/MarbleHop/chromeOS/MarbleHop/mobile/Parts/Images/undoLastMoveButton__mid.png'
Copy Over 'ftp://apps.foxyninjastudios.com/apps/MarbleHop2012/mobile/Parts/Images/undoLastMoveButton_clicked.png' -> '/Users/tejaswi/FNSPROJECTS/MarbleHop/chromeOS/MarbleHop/mobile/Parts/Images/undoLastMoveButton_clicked.png'
Copy Over 'ftp://apps.foxyninjastudios.com/apps/MarbleHop2012/mobile/Parts/Images/undoLastMoveButton_clicked__mid.png' -> '/Users/tejaswi/FNSPROJECTS/MarbleHop/chromeOS/MarbleHop/mobile/Parts/Images/undoLastMoveButton_clicked__mid.png'
Copy Over 'ftp://apps.foxyninjastudios.com/apps/MarbleHop2012/mobile/Parts/Images/undoMoveButton.png' -> '/Users/tejaswi/FNSPROJECTS/MarbleHop/chromeOS/MarbleHop/mobile/Parts/Images/undoMoveButton.png'
Copy Over 'ftp://apps.foxyninjastudios.com/apps/MarbleHop2012/mobile/Parts/Images/undoMoveButton__mid.png' -> '/Users/tejaswi/FNSPROJECTS/MarbleHop/chromeOS/MarbleHop/mobile/Parts/Images/undoMoveButton__mid.png'
Copy Over 'ftp://apps.foxyninjastudios.com/apps/MarbleHop2012/mobile/Parts/Images/undoMoveButton_clicked.png' -> '/Users/tejaswi/FNSPROJECTS/MarbleHop/chromeOS/MarbleHop/mobile/Parts/Images/undoMoveButton_clicked.png'
Copy Over 'ftp://apps.foxyninjastudios.com/apps/MarbleHop2012/mobile/Parts/Images/undoMoveButton_clicked__mid.png' -> '/Users/tejaswi/FNSPROJECTS/MarbleHop/chromeOS/MarbleHop/mobile/Parts/Images/undoMoveButton_clicked__mid.png'
Copy Over 'ftp://apps.foxyninjastudios.com/apps/MarbleHop2012/mobile/Parts/Images/useAsTemplete.png' -> '/Users/tejaswi/FNSPROJECTS/MarbleHop/chromeOS/MarbleHop/mobile/Parts/Images/useAsTemplete.png'
Copy Over 'ftp://apps.foxyninjastudios.com/apps/MarbleHop2012/mobile/Parts/Images/useAsTemplete__mid.png' -> '/Users/tejaswi/FNSPROJECTS/MarbleHop/chromeOS/MarbleHop/mobile/Parts/Images/useAsTemplete__mid.png'
Copy Over 'ftp://apps.foxyninjastudios.com/apps/MarbleHop2012/mobile/Parts/Images/useAsTemplete_clicked.png' -> '/Users/tejaswi/FNSPROJECTS/MarbleHop/chromeOS/MarbleHop/mobile/Parts/Images/useAsTemplete_clicked.png'
Copy Over 'ftp://apps.foxyninjastudios.com/apps/MarbleHop2012/mobile/Parts/Images/useAsTemplete_clicked__mid.png' -> '/Users/tejaswi/FNSPROJECTS/MarbleHop/chromeOS/MarbleHop/mobile/Parts/Images/useAsTemplete_clicked__mid.png'
Copy Over 'ftp://apps.foxyninjastudios.com/apps/MarbleHop2012/mobile/Parts/parts.js' -> '/Users/tejaswi/FNSPROJECTS/MarbleHop/chromeOS/MarbleHop/mobile/Parts/parts.js'
Sync State: /mobile/scripts
Sync State: /mobile/scripts/css
Sync State: /mobile/scripts/css/core
Copy Over 'ftp://apps.foxyninjastudios.com/apps/MarbleHop2012/mobile/scripts/css/core/click.css' -> '/Users/tejaswi/FNSPROJECTS/MarbleHop/chromeOS/MarbleHop/mobile/scripts/css/core/click.css'
Copy Over 'ftp://apps.foxyninjastudios.com/apps/MarbleHop2012/mobile/scripts/css/custom-old.css' -> '/Users/tejaswi/FNSPROJECTS/MarbleHop/chromeOS/MarbleHop/mobile/scripts/css/custom-old.css'
Copy Over '/Users/tejaswi/FNSPROJECTS/MarbleHop/chromeOS/MarbleHop/mobile/scripts/css/custom.css' -> 'ftp://apps.foxyninjastudios.com/apps/MarbleHop2012/mobile/scripts/css/custom.css'
Sync State: /mobile/scripts/css/ui-lightness
Sync State: /mobile/scripts/css/ui-lightness/images
Copy Over 'ftp://apps.foxyninjastudios.com/apps/MarbleHop2012/mobile/scripts/css/ui-lightness/images/ui-bg_diagonals-thick_18_b81900_40x40.png' -> '/Users/tejaswi/FNSPROJECTS/MarbleHop/chromeOS/MarbleHop/mobile/scripts/css/ui-lightness/images/ui-bg_diagonals-thick_18_b81900_40x40.png'
Copy Over 'ftp://apps.foxyninjastudios.com/apps/MarbleHop2012/mobile/scripts/css/ui-lightness/images/ui-bg_diagonals-thick_20_666666_40x40.png' -> '/Users/tejaswi/FNSPROJECTS/MarbleHop/chromeOS/MarbleHop/mobile/scripts/css/ui-lightness/images/ui-bg_diagonals-thick_20_666666_40x40.png'
Copy Over 'ftp://apps.foxyninjastudios.com/apps/MarbleHop2012/mobile/scripts/css/ui-lightness/images/ui-bg_flat_10_000000_40x100.png' -> '/Users/tejaswi/FNSPROJECTS/MarbleHop/chromeOS/MarbleHop/mobile/scripts/css/ui-lightness/images/ui-bg_flat_10_000000_40x100.png'
Copy Over 'ftp://apps.foxyninjastudios.com/apps/MarbleHop2012/mobile/scripts/css/ui-lightness/images/ui-bg_glass_100_f6f6f6_1x400.png' -> '/Users/tejaswi/FNSPROJECTS/MarbleHop/chromeOS/MarbleHop/mobile/scripts/css/ui-lightness/images/ui-bg_glass_100_f6f6f6_1x400.png'
Copy Over 'ftp://apps.foxyninjastudios.com/apps/MarbleHop2012/mobile/scripts/css/ui-lightness/images/ui-bg_glass_100_fdf5ce_1x400.png' -> '/Users/tejaswi/FNSPROJECTS/MarbleHop/chromeOS/MarbleHop/mobile/scripts/css/ui-lightness/images/ui-bg_glass_100_fdf5ce_1x400.png'
Copy Over 'ftp://apps.foxyninjastudios.com/apps/MarbleHop2012/mobile/scripts/css/ui-lightness/images/ui-bg_glass_65_ffffff_1x400.png' -> '/Users/tejaswi/FNSPROJECTS/MarbleHop/chromeOS/MarbleHop/mobile/scripts/css/ui-lightness/images/ui-bg_glass_65_ffffff_1x400.png'
Copy Over 'ftp://apps.foxyninjastudios.com/apps/MarbleHop2012/mobile/scripts/css/ui-lightness/images/ui-bg_gloss-wave_35_f6a828_500x100.png' -> '/Users/tejaswi/FNSPROJECTS/MarbleHop/chromeOS/MarbleHop/mobile/scripts/css/ui-lightness/images/ui-bg_gloss-wave_35_f6a828_500x100.png'
Copy Over 'ftp://apps.foxyninjastudios.com/apps/MarbleHop2012/mobile/scripts/css/ui-lightness/images/ui-bg_highlight-soft_100_eeeeee_1x100.png' -> '/Users/tejaswi/FNSPROJECTS/MarbleHop/chromeOS/MarbleHop/mobile/scripts/css/ui-lightness/images/ui-bg_highlight-soft_100_eeeeee_1x100.png'
Copy Over 'ftp://apps.foxyninjastudios.com/apps/MarbleHop2012/mobile/scripts/css/ui-lightness/images/ui-bg_highlight-soft_75_ffe45c_1x100.png' -> '/Users/tejaswi/FNSPROJECTS/MarbleHop/chromeOS/MarbleHop/mobile/scripts/css/ui-lightness/images/ui-bg_highlight-soft_75_ffe45c_1x100.png'
Copy Over 'ftp://apps.foxyninjastudios.com/apps/MarbleHop2012/mobile/scripts/css/ui-lightness/images/ui-icons_222222_256x240.png' -> '/Users/tejaswi/FNSPROJECTS/MarbleHop/chromeOS/MarbleHop/mobile/scripts/css/ui-lightness/images/ui-icons_222222_256x240.png'
Copy Over 'ftp://apps.foxyninjastudios.com/apps/MarbleHop2012/mobile/scripts/css/ui-lightness/images/ui-icons_228ef1_256x240.png' -> '/Users/tejaswi/FNSPROJECTS/MarbleHop/chromeOS/MarbleHop/mobile/scripts/css/ui-lightness/images/ui-icons_228ef1_256x240.png'
Copy Over 'ftp://apps.foxyninjastudios.com/apps/MarbleHop2012/mobile/scripts/css/ui-lightness/images/ui-icons_ef8c08_256x240.png' -> '/Users/tejaswi/FNSPROJECTS/MarbleHop/chromeOS/MarbleHop/mobile/scripts/css/ui-lightness/images/ui-icons_ef8c08_256x240.png'
Copy Over 'ftp://apps.foxyninjastudios.com/apps/MarbleHop2012/mobile/scripts/css/ui-lightness/images/ui-icons_ffd27a_256x240.png' -> '/Users/tejaswi/FNSPROJECTS/MarbleHop/chromeOS/MarbleHop/mobile/scripts/css/ui-lightness/images/ui-icons_ffd27a_256x240.png'
Copy Over 'ftp://apps.foxyninjastudios.com/apps/MarbleHop2012/mobile/scripts/css/ui-lightness/images/ui-icons_ffffff_256x240.png' -> '/Users/tejaswi/FNSPROJECTS/MarbleHop/chromeOS/MarbleHop/mobile/scripts/css/ui-lightness/images/ui-icons_ffffff_256x240.png'
Copy Over 'ftp://apps.foxyninjastudios.com/apps/MarbleHop2012/mobile/scripts/css/ui-lightness/jquery-ui-1.8.16.custom.css' -> '/Users/tejaswi/FNSPROJECTS/MarbleHop/chromeOS/MarbleHop/mobile/scripts/css/ui-lightness/jquery-ui-1.8.16.custom.css'
Sync State: /mobile/scripts/js
Copy Over 'ftp://apps.foxyninjastudios.com/apps/MarbleHop2012/mobile/scripts/js/ChildBrowser.js' -> '/Users/tejaswi/FNSPROJECTS/MarbleHop/chromeOS/MarbleHop/mobile/scripts/js/ChildBrowser.js'
Sync State: /mobile/scripts/js/core
Copy Over '/Users/tejaswi/FNSPROJECTS/MarbleHop/chromeOS/MarbleHop/mobile/scripts/js/core/basic.js' -> 'ftp://apps.foxyninjastudios.com/apps/MarbleHop2012/mobile/scripts/js/core/basic.js'
Copy Over 'ftp://apps.foxyninjastudios.com/apps/MarbleHop2012/mobile/scripts/js/core/click.js' -> '/Users/tejaswi/FNSPROJECTS/MarbleHop/chromeOS/MarbleHop/mobile/scripts/js/core/click.js'
Copy Over 'ftp://apps.foxyninjastudios.com/apps/MarbleHop2012/mobile/scripts/js/core/getElementStyleObject.js' -> '/Users/tejaswi/FNSPROJECTS/MarbleHop/chromeOS/MarbleHop/mobile/scripts/js/core/getElementStyleObject.js'
Copy Over 'ftp://apps.foxyninjastudios.com/apps/MarbleHop2012/mobile/scripts/js/core/persistentValues.js' -> '/Users/tejaswi/FNSPROJECTS/MarbleHop/chromeOS/MarbleHop/mobile/scripts/js/core/persistentValues.js'
Copy Over 'ftp://apps.foxyninjastudios.com/apps/MarbleHop2012/mobile/scripts/js/core/swipe.js' -> '/Users/tejaswi/FNSPROJECTS/MarbleHop/chromeOS/MarbleHop/mobile/scripts/js/core/swipe.js'
Copy Over '/Users/tejaswi/FNSPROJECTS/MarbleHop/chromeOS/MarbleHop/mobile/scripts/js/custom.js' -> 'ftp://apps.foxyninjastudios.com/apps/MarbleHop2012/mobile/scripts/js/custom.js'
Copy Over 'ftp://apps.foxyninjastudios.com/apps/MarbleHop2012/mobile/scripts/js/EmailComposer.js' -> '/Users/tejaswi/FNSPROJECTS/MarbleHop/chromeOS/MarbleHop/mobile/scripts/js/EmailComposer.js'
Copy Over 'ftp://apps.foxyninjastudios.com/apps/MarbleHop2012/mobile/scripts/js/iscroll-min.js' -> '/Users/tejaswi/FNSPROJECTS/MarbleHop/chromeOS/MarbleHop/mobile/scripts/js/iscroll-min.js'
Copy Over 'ftp://apps.foxyninjastudios.com/apps/MarbleHop2012/mobile/scripts/js/jquery-1.4.2.min.js' -> '/Users/tejaswi/FNSPROJECTS/MarbleHop/chromeOS/MarbleHop/mobile/scripts/js/jquery-1.4.2.min.js'
Copy Over 'ftp://apps.foxyninjastudios.com/apps/MarbleHop2012/mobile/scripts/js/jquery-1.6.2.min.js' -> '/Users/tejaswi/FNSPROJECTS/MarbleHop/chromeOS/MarbleHop/mobile/scripts/js/jquery-1.6.2.min.js'
Copy Over '/Users/tejaswi/FNSPROJECTS/MarbleHop/chromeOS/MarbleHop/mobile/scripts/js/jquery-ui-1.8.16.custom.min.js' -> 'ftp://apps.foxyninjastudios.com/apps/MarbleHop2012/mobile/scripts/js/jquery-ui-1.8.16.custom.min.js'
Copy Over 'ftp://apps.foxyninjastudios.com/apps/MarbleHop2012/mobile/scripts/js/jquery.easing.1.3.js' -> '/Users/tejaswi/FNSPROJECTS/MarbleHop/chromeOS/MarbleHop/mobile/scripts/js/jquery.easing.1.3.js'
Copy Over 'ftp://apps.foxyninjastudios.com/apps/MarbleHop2012/mobile/scripts/js/jquery.ui.draggable.js' -> '/Users/tejaswi/FNSPROJECTS/MarbleHop/chromeOS/MarbleHop/mobile/scripts/js/jquery.ui.draggable.js'
Copy Over 'ftp://apps.foxyninjastudios.com/apps/MarbleHop2012/mobile/scripts/js/phonegap.js' -> '/Users/tejaswi/FNSPROJECTS/MarbleHop/chromeOS/MarbleHop/mobile/scripts/js/phonegap.js'
Copy Over 'ftp://apps.foxyninjastudios.com/apps/MarbleHop2012/mobile/scripts/js/puzzles.js' -> '/Users/tejaswi/FNSPROJECTS/MarbleHop/chromeOS/MarbleHop/mobile/scripts/js/puzzles.js'
Copy Over 'ftp://apps.foxyninjastudios.com/apps/MarbleHop2012/mobile/scripts/js/puzzlesPro1.js' -> '/Users/tejaswi/FNSPROJECTS/MarbleHop/chromeOS/MarbleHop/mobile/scripts/js/puzzlesPro1.js'
Copy Over 'ftp://apps.foxyninjastudios.com/apps/MarbleHop2012/mobile/scripts/js/puzzlesPro2.js' -> '/Users/tejaswi/FNSPROJECTS/MarbleHop/chromeOS/MarbleHop/mobile/scripts/js/puzzlesPro2.js'
Copy Over 'ftp://apps.foxyninjastudios.com/apps/MarbleHop2012/mobile/scripts/js/puzzlesPro3.js' -> '/Users/tejaswi/FNSPROJECTS/MarbleHop/chromeOS/MarbleHop/mobile/scripts/js/puzzlesPro3.js'
Copy Over 'ftp://apps.foxyninjastudios.com/apps/MarbleHop2012/mobile/scripts/js/stack.js' -> '/Users/tejaswi/FNSPROJECTS/MarbleHop/chromeOS/MarbleHop/mobile/scripts/js/stack.js'
Copy Over 'ftp://apps.foxyninjastudios.com/apps/MarbleHop2012/mobile/scripts/js/timer.js' -> '/Users/tejaswi/FNSPROJECTS/MarbleHop/chromeOS/MarbleHop/mobile/scripts/js/timer.js'
Copy Over 'ftp://apps.foxyninjastudios.com/apps/MarbleHop2012/mobile/scripts/js/webkitdragdrop.js' -> '/Users/tejaswi/FNSPROJECTS/MarbleHop/chromeOS/MarbleHop/mobile/scripts/js/webkitdragdrop.js'
Sync State: /mobile/Sounds
Copy Over 'ftp://apps.foxyninjastudios.com/apps/MarbleHop2012/mobile/Sounds/bg.mp3' -> '/Users/tejaswi/FNSPROJECTS/MarbleHop/chromeOS/MarbleHop/mobile/Sounds/bg.mp3'
Copy Over 'ftp://apps.foxyninjastudios.com/apps/MarbleHop2012/mobile/Sounds/drop.mp3' -> '/Users/tejaswi/FNSPROJECTS/MarbleHop/chromeOS/MarbleHop/mobile/Sounds/drop.mp3'
Copy Over 'ftp://apps.foxyninjastudios.com/apps/MarbleHop2012/mobile/Sounds/fallback.mp3' -> '/Users/tejaswi/FNSPROJECTS/MarbleHop/chromeOS/MarbleHop/mobile/Sounds/fallback.mp3'
Copy Over 'ftp://apps.foxyninjastudios.com/apps/MarbleHop2012/mobile/Sounds/lift.mp3' -> '/Users/tejaswi/FNSPROJECTS/MarbleHop/chromeOS/MarbleHop/mobile/Sounds/lift.mp3'
Copy Over 'ftp://apps.foxyninjastudios.com/apps/MarbleHop2012/mobile/Sounds/tink.mp3' -> '/Users/tejaswi/FNSPROJECTS/MarbleHop/chromeOS/MarbleHop/mobile/Sounds/tink.mp3'
Copy Over 'ftp://apps.foxyninjastudios.com/apps/MarbleHop2012/mobile/Sounds/viewChange.mp3' -> '/Users/tejaswi/FNSPROJECTS/MarbleHop/chromeOS/MarbleHop/mobile/Sounds/viewChange.mp3'
Sync State: /Parts
Copy Over 'ftp://apps.foxyninjastudios.com/apps/MarbleHop2012/Parts/ActivityIndicator.css' -> '/Users/tejaswi/FNSPROJECTS/MarbleHop/chromeOS/MarbleHop/Parts/ActivityIndicator.css'
Sync State: /Parts/core
Sync State: /Parts/core/external
Copy Over 'ftp://apps.foxyninjastudios.com/apps/MarbleHop2012/Parts/core/external/sizzle_c.js' -> '/Users/tejaswi/FNSPROJECTS/MarbleHop/chromeOS/MarbleHop/Parts/core/external/sizzle_c.js'
Copy Over 'ftp://apps.foxyninjastudios.com/apps/MarbleHop2012/Parts/Transitions.css' -> '/Users/tejaswi/FNSPROJECTS/MarbleHop/chromeOS/MarbleHop/Parts/Transitions.css'
Save State File /Users/tejaswi/FNSPROJECTS/MarbleHop/chromeOS/MarbleHop/_gsdata_/_file_state._gs
Save State File ftp://apps.foxyninjastudios.com/apps/MarbleHop2012/_gsdata_/_file_state._gs
Items Synced OK: 473, Errors: 0
===== 2012-01-27 00:06:44: Sync Completed. Time: 00:03:23, Speed: 151K/s =====

